[35m[Appium][39m Welcome to Appium v2.5.1 (REV 19e558924951c6a5785dcca04cbfa6512531060a)
[35m[Appium][39m Non-default server args:
[35m[Appium][39m { basePath: [32m'/wd/hub'[39m, loglevel: [32m'info'[39m, port: [33m56578[39m }
[35m[Appium][39m Attempting to load driver uiautomator2...
[35m[Appium][39m Appium REST http interface listener started on http://0.0.0.0:56578/wd/hub
[35m[Appium][39m You can provide the following URLs in your client code to connect to this server:
[35m[Appium][39m 	http://192.168.137.1:56578/wd/hub
[35m[Appium][39m 	http://192.168.100.39:56578/wd/hub
[35m[Appium][39m 	http://127.0.0.1:56578/wd/hub (only accessible from the same host)
[35m[Appium][39m 	http://172.30.224.1:56578/wd/hub
[35m[Appium][39m Available drivers:
[35m[Appium][39m   - uiautomator2@3.0.0 (automationName 'UiAutomator2')
[35m[Appium][39m No plugins have been installed. Use the "appium plugin" command to install the one(s) you want to use.
[38;5;0m[HTTP][0m [37m-->[39m [37mGET[39m [37m/wd/hub/status[39m
[38;5;0m[HTTP][0m [90m{}[39m
[38;5;0m[HTTP][0m [37m<-- GET /wd/hub/status [39m[32m200[39m [90m9 ms - 199[39m
[38;5;0m[HTTP][0m [90m[39m
[38;5;0m[HTTP][0m [37m-->[39m [37mGET[39m [37m/wd/hub/status[39m
[38;5;0m[HTTP][0m [90m{}[39m
[38;5;0m[HTTP][0m [37m<-- GET /wd/hub/status [39m[32m200[39m [90m4 ms - 199[39m
[38;5;0m[HTTP][0m [90m[39m
[38;5;0m[HTTP][0m [37m-->[39m [37mPOST[39m [37m/wd/hub/session[39m
[38;5;0m[HTTP][0m [90m{"desiredCapabilities":{"appium:systemPort":8226,"appium:udid":"a95661b3a312","appium:autoGrantPermissions":true,"appium:newCommandTimeout":1800,"appium:platformName":"ANDROID","appium:appActivity":".Settings","appium:deviceName":"Xiaomi 2201116SG (Android 13)","platformName":"Android","appium:automationName":"uiautomator2","appium:platformVersion":"13","appium:appPackage":"com.android.settings"},"capabilities":{"firstMatch":[{"appium:appActivity":".Settings","appium:appPackage":"com.android.settings","appium:autoGrantPermissions":true,"appium:automationName":"uiautomator2","appium:deviceName":"Xiaomi 2201116SG (Android 13)","appium:newCommandTimeout":1800,"appium:platformName":"ANDROID","appium:platformVersion":"13","appium:systemPort":8226,"appium:udid":"a95661b3a312","platformName":"android"}]}}[39m
[38;5;32m[BaseDriver][0m Ignoring capability 'appium:platformName=ANDROID' and using capability 'platformName=android'
[38;5;32m[BaseDriver][0m The capabilities ["platformName"] are standard capabilities and do not require "appium:" prefix
[35m[Appium][39m Attempting to find matching driver for automationName 'uiautomator2' and platformName 'android'
[35m[Appium][39m The 'uiautomator2' driver was installed and matched caps.
[35m[Appium][39m Will require it at C:\Users\Alfiko\.appium\node_modules\appium-uiautomator2-driver
[38;5;16m[AppiumDriver@032e][0m Appium v2.5.1 creating new AndroidUiautomator2Driver (v3.0.0) session
[38;5;16m[AppiumDriver@032e][0m Checking BaseDriver versions for Appium and AndroidUiautomator2Driver
[38;5;16m[AppiumDriver@032e][0m Appium's BaseDriver version is 9.5.2
[38;5;16m[AppiumDriver@032e][0m AndroidUiautomator2Driver's BaseDriver version is 9.5.2
[38;5;48m[AndroidUiautomator2Driver@33eb (d58c6ebc)][0m Session created with session id: d58c6ebc-b312-4d61-9e07-28cb6a22d3f3
[38;5;64m[ADB][0m Found 5 'build-tools' folders under 'C:\Users\Alfiko\AppData\Local\Android\Sdk' (newest first):
[38;5;64m[ADB][0m     C:\Users\Alfiko\AppData\Local\Android\Sdk\build-tools\34.0.0-rc2
[38;5;64m[ADB][0m     C:\Users\Alfiko\AppData\Local\Android\Sdk\build-tools\33.0.1
[38;5;64m[ADB][0m     C:\Users\Alfiko\AppData\Local\Android\Sdk\build-tools\30.0.3
[38;5;64m[ADB][0m     C:\Users\Alfiko\AppData\Local\Android\Sdk\build-tools\29.0.2
[38;5;64m[ADB][0m     C:\Users\Alfiko\AppData\Local\Android\Sdk\build-tools\28.0.3
[38;5;64m[ADB][0m Using 'adb.exe' from 'C:\Users\Alfiko\AppData\Local\Android\Sdk\platform-tools\adb.exe'
[38;5;48m[AndroidUiautomator2Driver@33eb (d58c6ebc)][0m Retrieving device list
[38;5;48m[AndroidUiautomator2Driver@33eb (d58c6ebc)][0m Using device: a95661b3a312
[38;5;64m[ADB][0m Using 'adb.exe' from 'C:\Users\Alfiko\AppData\Local\Android\Sdk\platform-tools\adb.exe'
[38;5;48m[AndroidUiautomator2Driver@33eb (d58c6ebc)][0m Starting 'com.android.settings' directly on the device
[38;5;64m[ADB][0m Getting device platform version
[38;5;48m[AndroidUiautomator2Driver@33eb (d58c6ebc)][0m Relaxing hidden api policy
[38;5;48m[AndroidUiautomator2Driver@33eb (d58c6ebc)][0m No app sent in, not parsing package/activity
[38;5;64m[ADB][0m Using 'apksigner.jar' from 'C:\Users\Alfiko\AppData\Local\Android\Sdk\build-tools\34.0.0-rc2\lib\apksigner.jar'
[38;5;64m[ADB][0m 'C:\Users\Alfiko\.appium\node_modules\appium-uiautomator2-driver\node_modules\appium-uiautomator2-server\apks\appium-uiautomator2-server-debug-androidTest.apk' is signed with the default certificate
[38;5;64m[ADB][0m 'C:\Users\Alfiko\.appium\node_modules\appium-uiautomator2-driver\node_modules\appium-uiautomator2-server\apks\appium-uiautomator2-server-v7.0.0.apk' is signed with the default certificate
[38;5;48m[AndroidUiautomator2Driver@33eb (d58c6ebc)][0m Server packages are not going to be (re)installed
[38;5;64m[ADB][0m Adding packages ["io.appium.settings","io.appium.uiautomator2.server","io.appium.uiautomator2.server.test"] to Doze whitelist
[38;5;48m[AndroidUiautomator2Driver@33eb (d58c6ebc)][0m Starting UIAutomator2 server 7.0.0
[38;5;48m[AndroidUiautomator2Driver@33eb (d58c6ebc)][0m Using UIAutomator2 server from 'C:\Users\Alfiko\.appium\node_modules\appium-uiautomator2-driver\node_modules\appium-uiautomator2-server\apks\appium-uiautomator2-server-v7.0.0.apk' and test from 'C:\Users\Alfiko\.appium\node_modules\appium-uiautomator2-driver\node_modules\appium-uiautomator2-server\apks\appium-uiautomator2-server-debug-androidTest.apk'
[38;5;48m[AndroidUiautomator2Driver@33eb (d58c6ebc)][0m Waiting up to 30000ms for UiAutomator2 to be online...
[38;5;48m[AndroidUiautomator2Driver@33eb (d58c6ebc)][0m socket hang up
[38;5;48m[AndroidUiautomator2Driver@33eb (d58c6ebc)][0m socket hang up
[38;5;48m[AndroidUiautomator2Driver@33eb (d58c6ebc)][0m socket hang up
[38;5;48m[AndroidUiautomator2Driver@33eb (d58c6ebc)][0m Determined the downstream protocol as 'W3C'
[38;5;48m[AndroidUiautomator2Driver@33eb (d58c6ebc)][0m Screen already unlocked, doing nothing
[38;5;48m[AndroidUiautomator2Driver@33eb (d58c6ebc)][0m Starting 'com.android.settings/.Settings and waiting for 'com.android.settings/.Settings'
[38;5;16m[AppiumDriver@032e][0m New AndroidUiautomator2Driver session created successfully, session d58c6ebc-b312-4d61-9e07-28cb6a22d3f3 added to master session list
[38;5;0m[HTTP][0m [37m<-- POST /wd/hub/session [39m[32m200[39m [90m9398 ms - 1090[39m
[38;5;0m[HTTP][0m [90m[39m
[38;5;0m[HTTP][0m [37m-->[39m [37mGET[39m [37m/wd/hub/session/d58c6ebc-b312-4d61-9e07-28cb6a22d3f3[39m
[38;5;0m[HTTP][0m [90m{}[39m
[38;5;0m[HTTP][0m [37m<-- GET /wd/hub/session/d58c6ebc-b312-4d61-9e07-28cb6a22d3f3 [39m[32m200[39m [90m29 ms - 313[39m
[38;5;0m[HTTP][0m [90m[39m
[38;5;0m[HTTP][0m [37m-->[39m [37mGET[39m [37m/wd/hub/session/d58c6ebc-b312-4d61-9e07-28cb6a22d3f3[39m
[38;5;0m[HTTP][0m [90m{}[39m
[38;5;0m[HTTP][0m [37m<-- GET /wd/hub/session/d58c6ebc-b312-4d61-9e07-28cb6a22d3f3 [39m[32m200[39m [90m30 ms - 313[39m
[38;5;0m[HTTP][0m [90m[39m
[38;5;0m[HTTP][0m [37m-->[39m [37mGET[39m [37m/wd/hub/status[39m
[38;5;0m[HTTP][0m [90m{}[39m
[38;5;0m[HTTP][0m [37m<-- GET /wd/hub/status [39m[32m200[39m [90m1 ms - 199[39m
[38;5;0m[HTTP][0m [90m[39m
[38;5;0m[HTTP][0m [37m-->[39m [37mPOST[39m [37m/wd/hub/session/d58c6ebc-b312-4d61-9e07-28cb6a22d3f3/timeouts[39m
[38;5;0m[HTTP][0m [90m{"implicit":60000}[39m
[38;5;0m[HTTP][0m [37m<-- POST /wd/hub/session/d58c6ebc-b312-4d61-9e07-28cb6a22d3f3/timeouts [39m[32m200[39m [90m4 ms - 14[39m
[38;5;0m[HTTP][0m [90m[39m
[38;5;0m[HTTP][0m [37m-->[39m [37mGET[39m [37m/wd/hub/session/d58c6ebc-b312-4d61-9e07-28cb6a22d3f3/appium/device/system_bars[39m
[38;5;0m[HTTP][0m [90m{}[39m
[38;5;0m[HTTP][0m [37m<-- GET /wd/hub/session/d58c6ebc-b312-4d61-9e07-28cb6a22d3f3/appium/device/system_bars [39m[32m200[39m [90m192 ms - 151[39m
[38;5;0m[HTTP][0m [90m[39m
[38;5;0m[HTTP][0m [37m-->[39m [37mPOST[39m [37m/wd/hub/session/d58c6ebc-b312-4d61-9e07-28cb6a22d3f3/appium/device/activate_app[39m
[38;5;0m[HTTP][0m [90m{"bundleId":"co.tapcart.app.id_gCATITBKZP"}[39m
[38;5;0m[HTTP][0m [37m<-- POST /wd/hub/session/d58c6ebc-b312-4d61-9e07-28cb6a22d3f3/appium/device/activate_app [39m[32m200[39m [90m237 ms - 14[39m
[38;5;0m[HTTP][0m [90m[39m
[38;5;0m[HTTP][0m [37m-->[39m [37mGET[39m [37m/wd/hub/session/d58c6ebc-b312-4d61-9e07-28cb6a22d3f3/source[39m
[38;5;0m[HTTP][0m [90m{}[39m
[38;5;48m[AndroidUiautomator2Driver@33eb (d58c6ebc)][0m Driver proxy active, passing request on via HTTP proxy
[38;5;48m[AndroidUiautomator2Driver@33eb (d58c6ebc)][0m Replacing sessionId 4d589a88-8931-4d90-9fa4-d7764e56fa04 with d58c6ebc-b312-4d61-9e07-28cb6a22d3f3
[38;5;0m[HTTP][0m [37m<-- GET /wd/hub/session/d58c6ebc-b312-4d61-9e07-28cb6a22d3f3/source [39m[32m200[39m [90m261 ms - 1929[39m
[38;5;0m[HTTP][0m [90m[39m
[38;5;0m[HTTP][0m [37m-->[39m [37mGET[39m [37m/wd/hub/session/d58c6ebc-b312-4d61-9e07-28cb6a22d3f3/screenshot[39m
[38;5;0m[HTTP][0m [90m{}[39m
[38;5;0m[HTTP][0m [37m<-- GET /wd/hub/session/d58c6ebc-b312-4d61-9e07-28cb6a22d3f3/screenshot [39m[32m200[39m [90m1362 ms - 1055000[39m
[38;5;0m[HTTP][0m [90m[39m
[38;5;0m[HTTP][0m [37m-->[39m [37mGET[39m [37m/wd/hub/session/d58c6ebc-b312-4d61-9e07-28cb6a22d3f3/context[39m
[38;5;0m[HTTP][0m [90m{}[39m
[38;5;0m[HTTP][0m [37m<-- GET /wd/hub/session/d58c6ebc-b312-4d61-9e07-28cb6a22d3f3/context [39m[32m200[39m [90m4 ms - 22[39m
[38;5;0m[HTTP][0m [90m[39m
[38;5;0m[HTTP][0m [37m-->[39m [37mGET[39m [37m/wd/hub/session/d58c6ebc-b312-4d61-9e07-28cb6a22d3f3/contexts[39m
[38;5;0m[HTTP][0m [90m{}[39m
[38;5;0m[HTTP][0m [37m<-- GET /wd/hub/session/d58c6ebc-b312-4d61-9e07-28cb6a22d3f3/contexts [39m[32m200[39m [90m352 ms - 24[39m
[38;5;0m[HTTP][0m [90m[39m
[38;5;0m[HTTP][0m [37m-->[39m [37mPOST[39m [37m/wd/hub/session/d58c6ebc-b312-4d61-9e07-28cb6a22d3f3/context[39m
[38;5;0m[HTTP][0m [90m{"name":"NATIVE_APP"}[39m
[38;5;0m[HTTP][0m [37m<-- POST /wd/hub/session/d58c6ebc-b312-4d61-9e07-28cb6a22d3f3/context [39m[32m200[39m [90m3 ms - 14[39m
[38;5;0m[HTTP][0m [90m[39m
[38;5;0m[HTTP][0m [37m-->[39m [37mPOST[39m [37m/wd/hub/session/d58c6ebc-b312-4d61-9e07-28cb6a22d3f3/orientation[39m
[38;5;0m[HTTP][0m [90m{"orientation":"PORTRAIT"}[39m
[38;5;48m[AndroidUiautomator2Driver@33eb (d58c6ebc)][0m Driver proxy active, passing request on via HTTP proxy
[38;5;48m[AndroidUiautomator2Driver@33eb (d58c6ebc)][0m Replacing sessionId 4d589a88-8931-4d90-9fa4-d7764e56fa04 with d58c6ebc-b312-4d61-9e07-28cb6a22d3f3
[38;5;0m[HTTP][0m [37m<-- POST /wd/hub/session/d58c6ebc-b312-4d61-9e07-28cb6a22d3f3/orientation [39m[32m200[39m [90m57 ms - 71[39m
[38;5;0m[HTTP][0m [90m[39m
[38;5;0m[HTTP][0m [37m-->[39m [37mPOST[39m [37m/wd/hub/session/d58c6ebc-b312-4d61-9e07-28cb6a22d3f3/context[39m
[38;5;0m[HTTP][0m [90m{"name":"NATIVE_APP"}[39m
[38;5;0m[HTTP][0m [37m<-- POST /wd/hub/session/d58c6ebc-b312-4d61-9e07-28cb6a22d3f3/context [39m[32m200[39m [90m2 ms - 14[39m
[38;5;0m[HTTP][0m [90m[39m
[38;5;0m[HTTP][0m [37m-->[39m [37mGET[39m [37m/wd/hub/session/d58c6ebc-b312-4d61-9e07-28cb6a22d3f3/source[39m
[38;5;0m[HTTP][0m [90m{}[39m
[38;5;48m[AndroidUiautomator2Driver@33eb (d58c6ebc)][0m Driver proxy active, passing request on via HTTP proxy
[38;5;48m[AndroidUiautomator2Driver@33eb (d58c6ebc)][0m Replacing sessionId 4d589a88-8931-4d90-9fa4-d7764e56fa04 with d58c6ebc-b312-4d61-9e07-28cb6a22d3f3
[38;5;0m[HTTP][0m [37m<-- GET /wd/hub/session/d58c6ebc-b312-4d61-9e07-28cb6a22d3f3/source [39m[32m200[39m [90m1041 ms - 52496[39m
[38;5;0m[HTTP][0m [90m[39m
[38;5;0m[HTTP][0m [37m-->[39m [37mGET[39m [37m/wd/hub/session/d58c6ebc-b312-4d61-9e07-28cb6a22d3f3/screenshot[39m
[38;5;0m[HTTP][0m [90m{}[39m
[38;5;0m[HTTP][0m [37m<-- GET /wd/hub/session/d58c6ebc-b312-4d61-9e07-28cb6a22d3f3/screenshot [39m[32m200[39m [90m1986 ms - 3525880[39m
[38;5;0m[HTTP][0m [90m[39m
[38;5;0m[HTTP][0m [37m-->[39m [37mGET[39m [37m/wd/hub/session/d58c6ebc-b312-4d61-9e07-28cb6a22d3f3/window/rect[39m
[38;5;0m[HTTP][0m [90m{}[39m
[38;5;0m[HTTP][0m [37m<-- GET /wd/hub/session/d58c6ebc-b312-4d61-9e07-28cb6a22d3f3/window/rect [39m[32m200[39m [90m29 ms - 50[39m
[38;5;0m[HTTP][0m [90m[39m
[38;5;0m[HTTP][0m [37m-->[39m [37mPOST[39m [37m/wd/hub/session/d58c6ebc-b312-4d61-9e07-28cb6a22d3f3/elements[39m
[38;5;0m[HTTP][0m [90m{"using":"xpath","value":"//hierarchy/android.widget.FrameLayout[1]/android.widget.LinearLayout[1]/android.widget.FrameLayout[1]/android.widget.LinearLayout[1]/android.widget.FrameLayout[1]/android.widget.FrameLayout[1]/android.view.ViewGroup[1]/android.widget.RelativeLayout[1]/android.view.ViewGroup[1]"}[39m
[38;5;0m[HTTP][0m [37m<-- POST /wd/hub/session/d58c6ebc-b312-4d61-9e07-28cb6a22d3f3/elements [39m[32m200[39m [90m1137 ms - 139[39m
[38;5;0m[HTTP][0m [90m[39m
[38;5;0m[HTTP][0m [37m-->[39m [37mGET[39m [37m/wd/hub/session/d58c6ebc-b312-4d61-9e07-28cb6a22d3f3/element/00000000-0000-043e-ffff-ffff0000000a/location[39m
[38;5;0m[HTTP][0m [90m{}[39m
[38;5;48m[AndroidUiautomator2Driver@33eb (d58c6ebc)][0m Driver proxy active, passing request on via HTTP proxy
[38;5;48m[AndroidUiautomator2Driver@33eb (d58c6ebc)][0m Replacing sessionId 4d589a88-8931-4d90-9fa4-d7764e56fa04 with d58c6ebc-b312-4d61-9e07-28cb6a22d3f3
[38;5;0m[HTTP][0m [37m<-- GET /wd/hub/session/d58c6ebc-b312-4d61-9e07-28cb6a22d3f3/element/00000000-0000-043e-ffff-ffff0000000a/location [39m[32m200[39m [90m36 ms - 75[39m
[38;5;0m[HTTP][0m [90m[39m
[38;5;0m[HTTP][0m [37m-->[39m [37mPOST[39m [37m/wd/hub/session/d58c6ebc-b312-4d61-9e07-28cb6a22d3f3/element/00000000-0000-043e-ffff-ffff0000000a/click[39m
[38;5;0m[HTTP][0m [90m{"id":"00000000-0000-043e-ffff-ffff0000000a"}[39m
[38;5;0m[HTTP][0m [37m<-- POST /wd/hub/session/d58c6ebc-b312-4d61-9e07-28cb6a22d3f3/element/00000000-0000-043e-ffff-ffff0000000a/click [39m[32m200[39m [90m550 ms - 14[39m
[38;5;0m[HTTP][0m [90m[39m
[38;5;0m[HTTP][0m [37m-->[39m [37mGET[39m [37m/wd/hub/session/d58c6ebc-b312-4d61-9e07-28cb6a22d3f3/source[39m
[38;5;0m[HTTP][0m [90m{}[39m
[38;5;48m[AndroidUiautomator2Driver@33eb (d58c6ebc)][0m Driver proxy active, passing request on via HTTP proxy
[38;5;48m[AndroidUiautomator2Driver@33eb (d58c6ebc)][0m Replacing sessionId 4d589a88-8931-4d90-9fa4-d7764e56fa04 with d58c6ebc-b312-4d61-9e07-28cb6a22d3f3
[38;5;0m[HTTP][0m [37m<-- GET /wd/hub/session/d58c6ebc-b312-4d61-9e07-28cb6a22d3f3/source [39m[32m200[39m [90m791 ms - 52496[39m
[38;5;0m[HTTP][0m [90m[39m
[38;5;0m[HTTP][0m [37m-->[39m [37mGET[39m [37m/wd/hub/session/d58c6ebc-b312-4d61-9e07-28cb6a22d3f3/screenshot[39m
[38;5;0m[HTTP][0m [90m{}[39m
[38;5;0m[HTTP][0m [37m<-- GET /wd/hub/session/d58c6ebc-b312-4d61-9e07-28cb6a22d3f3/screenshot [39m[32m200[39m [90m2170 ms - 3525540[39m
[38;5;0m[HTTP][0m [90m[39m
[38;5;0m[HTTP][0m [37m-->[39m [37mGET[39m [37m/wd/hub/session/d58c6ebc-b312-4d61-9e07-28cb6a22d3f3/window/rect[39m
[38;5;0m[HTTP][0m [90m{}[39m
[38;5;0m[HTTP][0m [37m<-- GET /wd/hub/session/d58c6ebc-b312-4d61-9e07-28cb6a22d3f3/window/rect [39m[32m200[39m [90m89 ms - 50[39m
[38;5;0m[HTTP][0m [90m[39m
[38;5;0m[HTTP][0m [37m-->[39m [37mPOST[39m [37m/wd/hub/session/d58c6ebc-b312-4d61-9e07-28cb6a22d3f3/elements[39m
[38;5;0m[HTTP][0m [90m{"using":"xpath","value":"//hierarchy/android.widget.FrameLayout[1]/android.widget.LinearLayout[1]/android.widget.FrameLayout[1]/android.widget.LinearLayout[1]/android.widget.FrameLayout[1]/android.widget.FrameLayout[1]/android.view.ViewGroup[1]/android.widget.RelativeLayout[1]/android.view.ViewGroup[1]"}[39m
[38;5;0m[HTTP][0m [37m<-- POST /wd/hub/session/d58c6ebc-b312-4d61-9e07-28cb6a22d3f3/elements [39m[32m200[39m [90m1013 ms - 139[39m
[38;5;0m[HTTP][0m [90m[39m
[38;5;0m[HTTP][0m [37m-->[39m [37mGET[39m [37m/wd/hub/session/d58c6ebc-b312-4d61-9e07-28cb6a22d3f3/element/00000000-0000-043e-ffff-ffff0000000a/location[39m
[38;5;0m[HTTP][0m [90m{}[39m
[38;5;48m[AndroidUiautomator2Driver@33eb (d58c6ebc)][0m Driver proxy active, passing request on via HTTP proxy
[38;5;48m[AndroidUiautomator2Driver@33eb (d58c6ebc)][0m Replacing sessionId 4d589a88-8931-4d90-9fa4-d7764e56fa04 with d58c6ebc-b312-4d61-9e07-28cb6a22d3f3
[38;5;0m[HTTP][0m [37m<-- GET /wd/hub/session/d58c6ebc-b312-4d61-9e07-28cb6a22d3f3/element/00000000-0000-043e-ffff-ffff0000000a/location [39m[32m200[39m [90m50 ms - 75[39m
[38;5;0m[HTTP][0m [90m[39m
[38;5;0m[HTTP][0m [37m-->[39m [37mPOST[39m [37m/wd/hub/session/d58c6ebc-b312-4d61-9e07-28cb6a22d3f3/element/00000000-0000-043e-ffff-ffff0000000a/click[39m
[38;5;0m[HTTP][0m [90m{"id":"00000000-0000-043e-ffff-ffff0000000a"}[39m
[38;5;0m[HTTP][0m [37m<-- POST /wd/hub/session/d58c6ebc-b312-4d61-9e07-28cb6a22d3f3/element/00000000-0000-043e-ffff-ffff0000000a/click [39m[32m200[39m [90m593 ms - 14[39m
[38;5;0m[HTTP][0m [90m[39m
[38;5;0m[HTTP][0m [37m-->[39m [37mGET[39m [37m/wd/hub/session/d58c6ebc-b312-4d61-9e07-28cb6a22d3f3/source[39m
[38;5;0m[HTTP][0m [90m{}[39m
[38;5;48m[AndroidUiautomator2Driver@33eb (d58c6ebc)][0m Driver proxy active, passing request on via HTTP proxy
[38;5;48m[AndroidUiautomator2Driver@33eb (d58c6ebc)][0m Replacing sessionId 4d589a88-8931-4d90-9fa4-d7764e56fa04 with d58c6ebc-b312-4d61-9e07-28cb6a22d3f3
[38;5;0m[HTTP][0m [37m<-- GET /wd/hub/session/d58c6ebc-b312-4d61-9e07-28cb6a22d3f3/source [39m[32m200[39m [90m1139 ms - 52496[39m
[38;5;0m[HTTP][0m [90m[39m
[38;5;0m[HTTP][0m [37m-->[39m [37mGET[39m [37m/wd/hub/session/d58c6ebc-b312-4d61-9e07-28cb6a22d3f3/screenshot[39m
[38;5;0m[HTTP][0m [90m{}[39m
[38;5;0m[HTTP][0m [37m<-- GET /wd/hub/session/d58c6ebc-b312-4d61-9e07-28cb6a22d3f3/screenshot [39m[32m200[39m [90m2139 ms - 3543028[39m
[38;5;0m[HTTP][0m [90m[39m
[38;5;0m[HTTP][0m [37m-->[39m [37mPOST[39m [37m/wd/hub/session/d58c6ebc-b312-4d61-9e07-28cb6a22d3f3/elements[39m
[38;5;0m[HTTP][0m [90m{"using":"xpath","value":"//*[@class = 'android.view.ViewGroup' and (@text = '' or . = '')]"}[39m
[38;5;0m[HTTP][0m [37m<-- POST /wd/hub/session/d58c6ebc-b312-4d61-9e07-28cb6a22d3f3/elements [39m[32m200[39m [90m560 ms - 3211[39m
[38;5;0m[HTTP][0m [90m[39m
[38;5;0m[HTTP][0m [37m-->[39m [37mPOST[39m [37m/wd/hub/session/d58c6ebc-b312-4d61-9e07-28cb6a22d3f3/elements[39m
[38;5;0m[HTTP][0m [90m{"using":"-android uiautomator","value":"new UiSelector().className(\"android.view.ViewGroup\")"}[39m
[38;5;0m[HTTP][0m [37m<-- POST /wd/hub/session/d58c6ebc-b312-4d61-9e07-28cb6a22d3f3/elements [39m[32m200[39m [90m792 ms - 3211[39m
[38;5;0m[HTTP][0m [90m[39m
[38;5;0m[HTTP][0m [37m-->[39m [37mGET[39m [37m/wd/hub/session/d58c6ebc-b312-4d61-9e07-28cb6a22d3f3/window/rect[39m
[38;5;0m[HTTP][0m [90m{}[39m
[38;5;0m[HTTP][0m [37m<-- GET /wd/hub/session/d58c6ebc-b312-4d61-9e07-28cb6a22d3f3/window/rect [39m[32m200[39m [90m12 ms - 50[39m
[38;5;0m[HTTP][0m [90m[39m
[38;5;0m[HTTP][0m [37m-->[39m [37mPOST[39m [37m/wd/hub/session/d58c6ebc-b312-4d61-9e07-28cb6a22d3f3/elements[39m
[38;5;0m[HTTP][0m [90m{"using":"xpath","value":"//hierarchy/android.widget.FrameLayout[1]/android.widget.LinearLayout[1]/android.widget.FrameLayout[1]/android.widget.LinearLayout[1]/android.widget.FrameLayout[1]/android.widget.FrameLayout[1]/android.view.ViewGroup[2]/androidx.recyclerview.widget.RecyclerView[1]/android.view.ViewGroup[8]"}[39m
[38;5;0m[HTTP][0m [37m<-- POST /wd/hub/session/d58c6ebc-b312-4d61-9e07-28cb6a22d3f3/elements [39m[32m200[39m [90m438 ms - 139[39m
[38;5;0m[HTTP][0m [90m[39m
[38;5;0m[HTTP][0m [37m-->[39m [37mGET[39m [37m/wd/hub/session/d58c6ebc-b312-4d61-9e07-28cb6a22d3f3/element/00000000-0000-043e-ffff-ffff0000003f/location[39m
[38;5;0m[HTTP][0m [90m{}[39m
[38;5;48m[AndroidUiautomator2Driver@33eb (d58c6ebc)][0m Driver proxy active, passing request on via HTTP proxy
[38;5;48m[AndroidUiautomator2Driver@33eb (d58c6ebc)][0m Replacing sessionId 4d589a88-8931-4d90-9fa4-d7764e56fa04 with d58c6ebc-b312-4d61-9e07-28cb6a22d3f3
[38;5;0m[HTTP][0m [37m<-- GET /wd/hub/session/d58c6ebc-b312-4d61-9e07-28cb6a22d3f3/element/00000000-0000-043e-ffff-ffff0000003f/location [39m[32m200[39m [90m41 ms - 77[39m
[38;5;0m[HTTP][0m [90m[39m
[38;5;0m[HTTP][0m [37m-->[39m [37mPOST[39m [37m/wd/hub/session/d58c6ebc-b312-4d61-9e07-28cb6a22d3f3/element/00000000-0000-043e-ffff-ffff0000003f/click[39m
[38;5;0m[HTTP][0m [90m{"id":"00000000-0000-043e-ffff-ffff0000003f"}[39m
[38;5;0m[HTTP][0m [37m<-- POST /wd/hub/session/d58c6ebc-b312-4d61-9e07-28cb6a22d3f3/element/00000000-0000-043e-ffff-ffff0000003f/click [39m[32m200[39m [90m72 ms - 14[39m
[38;5;0m[HTTP][0m [90m[39m
[38;5;0m[HTTP][0m [37m-->[39m [37mGET[39m [37m/wd/hub/session/d58c6ebc-b312-4d61-9e07-28cb6a22d3f3/source[39m
[38;5;0m[HTTP][0m [90m{}[39m
[38;5;48m[AndroidUiautomator2Driver@33eb (d58c6ebc)][0m Driver proxy active, passing request on via HTTP proxy
[38;5;48m[AndroidUiautomator2Driver@33eb (d58c6ebc)][0m Replacing sessionId 4d589a88-8931-4d90-9fa4-d7764e56fa04 with d58c6ebc-b312-4d61-9e07-28cb6a22d3f3
[38;5;0m[HTTP][0m [37m<-- GET /wd/hub/session/d58c6ebc-b312-4d61-9e07-28cb6a22d3f3/source [39m[32m200[39m [90m1173 ms - 24145[39m
[38;5;0m[HTTP][0m [90m[39m
[38;5;0m[HTTP][0m [37m-->[39m [37mGET[39m [37m/wd/hub/session/d58c6ebc-b312-4d61-9e07-28cb6a22d3f3/screenshot[39m
[38;5;0m[HTTP][0m [90m{}[39m
[38;5;0m[HTTP][0m [37m<-- GET /wd/hub/session/d58c6ebc-b312-4d61-9e07-28cb6a22d3f3/screenshot [39m[32m200[39m [90m909 ms - 1109128[39m
[38;5;0m[HTTP][0m [90m[39m
[38;5;0m[HTTP][0m [37m-->[39m [37mPOST[39m [37m/wd/hub/session/d58c6ebc-b312-4d61-9e07-28cb6a22d3f3/elements[39m
[38;5;0m[HTTP][0m [90m{"using":"xpath","value":"//*[@class = 'android.widget.ImageButton' and (@text = '' or . = '')]"}[39m
[38;5;0m[HTTP][0m [37m<-- POST /wd/hub/session/d58c6ebc-b312-4d61-9e07-28cb6a22d3f3/elements [39m[32m200[39m [90m504 ms - 139[39m
[38;5;0m[HTTP][0m [90m[39m
[38;5;0m[HTTP][0m [37m-->[39m [37mGET[39m [37m/wd/hub/session/d58c6ebc-b312-4d61-9e07-28cb6a22d3f3/window/rect[39m
[38;5;0m[HTTP][0m [90m{}[39m
[38;5;0m[HTTP][0m [37m<-- GET /wd/hub/session/d58c6ebc-b312-4d61-9e07-28cb6a22d3f3/window/rect [39m[32m200[39m [90m15 ms - 50[39m
[38;5;0m[HTTP][0m [90m[39m
[38;5;0m[HTTP][0m [37m-->[39m [37mPOST[39m [37m/wd/hub/session/d58c6ebc-b312-4d61-9e07-28cb6a22d3f3/elements[39m
[38;5;0m[HTTP][0m [90m{"using":"xpath","value":"//*[@class = 'android.widget.ImageButton' and (@text = '' or . = '')]"}[39m
[38;5;0m[HTTP][0m [37m<-- POST /wd/hub/session/d58c6ebc-b312-4d61-9e07-28cb6a22d3f3/elements [39m[32m200[39m [90m535 ms - 139[39m
[38;5;0m[HTTP][0m [90m[39m
[38;5;0m[HTTP][0m [37m-->[39m [37mGET[39m [37m/wd/hub/session/d58c6ebc-b312-4d61-9e07-28cb6a22d3f3/element/00000000-0000-0449-ffff-ffff0000028a/location[39m
[38;5;0m[HTTP][0m [90m{}[39m
[38;5;48m[AndroidUiautomator2Driver@33eb (d58c6ebc)][0m Driver proxy active, passing request on via HTTP proxy
[38;5;48m[AndroidUiautomator2Driver@33eb (d58c6ebc)][0m Replacing sessionId 4d589a88-8931-4d90-9fa4-d7764e56fa04 with d58c6ebc-b312-4d61-9e07-28cb6a22d3f3
[38;5;0m[HTTP][0m [37m<-- GET /wd/hub/session/d58c6ebc-b312-4d61-9e07-28cb6a22d3f3/element/00000000-0000-0449-ffff-ffff0000028a/location [39m[32m200[39m [90m50 ms - 75[39m
[38;5;0m[HTTP][0m [90m[39m
[38;5;0m[HTTP][0m [37m-->[39m [37mPOST[39m [37m/wd/hub/session/d58c6ebc-b312-4d61-9e07-28cb6a22d3f3/element/00000000-0000-0449-ffff-ffff0000028a/click[39m
[38;5;0m[HTTP][0m [90m{"id":"00000000-0000-0449-ffff-ffff0000028a"}[39m
[38;5;0m[HTTP][0m [37m<-- POST /wd/hub/session/d58c6ebc-b312-4d61-9e07-28cb6a22d3f3/element/00000000-0000-0449-ffff-ffff0000028a/click [39m[32m200[39m [90m117 ms - 14[39m
[38;5;0m[HTTP][0m [90m[39m
[38;5;0m[HTTP][0m [37m-->[39m [37mGET[39m [37m/wd/hub/session/d58c6ebc-b312-4d61-9e07-28cb6a22d3f3/source[39m
[38;5;0m[HTTP][0m [90m{}[39m
[38;5;48m[AndroidUiautomator2Driver@33eb (d58c6ebc)][0m Driver proxy active, passing request on via HTTP proxy
[38;5;48m[AndroidUiautomator2Driver@33eb (d58c6ebc)][0m Replacing sessionId 4d589a88-8931-4d90-9fa4-d7764e56fa04 with d58c6ebc-b312-4d61-9e07-28cb6a22d3f3
[38;5;0m[HTTP][0m [37m<-- GET /wd/hub/session/d58c6ebc-b312-4d61-9e07-28cb6a22d3f3/source [39m[32m200[39m [90m1349 ms - 52496[39m
[38;5;0m[HTTP][0m [90m[39m
[38;5;0m[HTTP][0m [37m-->[39m [37mGET[39m [37m/wd/hub/session/d58c6ebc-b312-4d61-9e07-28cb6a22d3f3/screenshot[39m
[38;5;0m[HTTP][0m [90m{}[39m
[38;5;0m[HTTP][0m [37m<-- GET /wd/hub/session/d58c6ebc-b312-4d61-9e07-28cb6a22d3f3/screenshot [39m[32m200[39m [90m2048 ms - 3494488[39m
[38;5;0m[HTTP][0m [90m[39m
[38;5;0m[HTTP][0m [37m-->[39m [37mPOST[39m [37m/wd/hub/session/d58c6ebc-b312-4d61-9e07-28cb6a22d3f3/elements[39m
[38;5;0m[HTTP][0m [90m{"using":"xpath","value":"//*[@class = 'android.view.ViewGroup' and (@text = '' or . = '')]"}[39m
[38;5;0m[HTTP][0m [37m<-- POST /wd/hub/session/d58c6ebc-b312-4d61-9e07-28cb6a22d3f3/elements [39m[32m200[39m [90m835 ms - 3211[39m
[38;5;0m[HTTP][0m [90m[39m
[38;5;0m[HTTP][0m [37m-->[39m [37mPOST[39m [37m/wd/hub/session/d58c6ebc-b312-4d61-9e07-28cb6a22d3f3/elements[39m
[38;5;0m[HTTP][0m [90m{"using":"-android uiautomator","value":"new UiSelector().className(\"android.view.ViewGroup\")"}[39m
[38;5;0m[HTTP][0m [37m<-- POST /wd/hub/session/d58c6ebc-b312-4d61-9e07-28cb6a22d3f3/elements [39m[32m200[39m [90m1213 ms - 3211[39m
[38;5;0m[HTTP][0m [90m[39m
[38;5;0m[HTTP][0m [37m-->[39m [37mGET[39m [37m/wd/hub/session/d58c6ebc-b312-4d61-9e07-28cb6a22d3f3/window/rect[39m
[38;5;0m[HTTP][0m [90m{}[39m
[38;5;0m[HTTP][0m [37m<-- GET /wd/hub/session/d58c6ebc-b312-4d61-9e07-28cb6a22d3f3/window/rect [39m[32m200[39m [90m17 ms - 50[39m
[38;5;0m[HTTP][0m [90m[39m
[38;5;0m[HTTP][0m [37m-->[39m [37mPOST[39m [37m/wd/hub/session/d58c6ebc-b312-4d61-9e07-28cb6a22d3f3/elements[39m
[38;5;0m[HTTP][0m [90m{"using":"xpath","value":"//hierarchy/android.widget.FrameLayout[1]/android.widget.LinearLayout[1]/android.widget.FrameLayout[1]/android.widget.LinearLayout[1]/android.widget.FrameLayout[1]/android.widget.FrameLayout[1]/android.view.ViewGroup[1]/android.widget.FrameLayout[1]/android.widget.FrameLayout[1]/android.widget.LinearLayout[1]/androidx.viewpager.widget.ViewPager[1]/androidx.recyclerview.widget.RecyclerView[1]/android.widget.FrameLayout[1]/android.view.ViewGroup[1]/androidx.recyclerview.widget.RecyclerView[1]/android.widget.LinearLayout[2]/android.widget.FrameLayout[1]/androidx.recyclerview.widget.RecyclerView[1]/android.view.ViewGroup[1]"}[39m
[38;5;0m[HTTP][0m [37m<-- POST /wd/hub/session/d58c6ebc-b312-4d61-9e07-28cb6a22d3f3/elements [39m[32m200[39m [90m815 ms - 139[39m
[38;5;0m[HTTP][0m [90m[39m
[38;5;0m[HTTP][0m [37m-->[39m [37mGET[39m [37m/wd/hub/session/d58c6ebc-b312-4d61-9e07-28cb6a22d3f3/element/00000000-0000-043e-ffff-ffff0000023c/location[39m
[38;5;0m[HTTP][0m [90m{}[39m
[38;5;48m[AndroidUiautomator2Driver@33eb (d58c6ebc)][0m Driver proxy active, passing request on via HTTP proxy
[38;5;48m[AndroidUiautomator2Driver@33eb (d58c6ebc)][0m Replacing sessionId 4d589a88-8931-4d90-9fa4-d7764e56fa04 with d58c6ebc-b312-4d61-9e07-28cb6a22d3f3
[38;5;0m[HTTP][0m [37m<-- GET /wd/hub/session/d58c6ebc-b312-4d61-9e07-28cb6a22d3f3/element/00000000-0000-043e-ffff-ffff0000023c/location [39m[32m200[39m [90m47 ms - 78[39m
[38;5;0m[HTTP][0m [90m[39m
[38;5;0m[HTTP][0m [37m-->[39m [37mPOST[39m [37m/wd/hub/session/d58c6ebc-b312-4d61-9e07-28cb6a22d3f3/element/00000000-0000-043e-ffff-ffff0000023c/click[39m
[38;5;0m[HTTP][0m [90m{"id":"00000000-0000-043e-ffff-ffff0000023c"}[39m
[38;5;0m[HTTP][0m [37m<-- POST /wd/hub/session/d58c6ebc-b312-4d61-9e07-28cb6a22d3f3/element/00000000-0000-043e-ffff-ffff0000023c/click [39m[32m200[39m [90m115 ms - 14[39m
[38;5;0m[HTTP][0m [90m[39m
[38;5;0m[HTTP][0m [37m-->[39m [37mGET[39m [37m/wd/hub/session/d58c6ebc-b312-4d61-9e07-28cb6a22d3f3/source[39m
[38;5;0m[HTTP][0m [90m{}[39m
[38;5;48m[AndroidUiautomator2Driver@33eb (d58c6ebc)][0m Driver proxy active, passing request on via HTTP proxy
[38;5;48m[AndroidUiautomator2Driver@33eb (d58c6ebc)][0m Replacing sessionId 4d589a88-8931-4d90-9fa4-d7764e56fa04 with d58c6ebc-b312-4d61-9e07-28cb6a22d3f3
[38;5;0m[HTTP][0m [37m<-- GET /wd/hub/session/d58c6ebc-b312-4d61-9e07-28cb6a22d3f3/source [39m[32m200[39m [90m1170 ms - 24144[39m
[38;5;0m[HTTP][0m [90m[39m
[38;5;0m[HTTP][0m [37m-->[39m [37mGET[39m [37m/wd/hub/session/d58c6ebc-b312-4d61-9e07-28cb6a22d3f3/screenshot[39m
[38;5;0m[HTTP][0m [90m{}[39m
[38;5;0m[HTTP][0m [37m<-- GET /wd/hub/session/d58c6ebc-b312-4d61-9e07-28cb6a22d3f3/screenshot [39m[32m200[39m [90m839 ms - 1007944[39m
[38;5;0m[HTTP][0m [90m[39m
[38;5;0m[HTTP][0m [37m-->[39m [37mGET[39m [37m/wd/hub/session/d58c6ebc-b312-4d61-9e07-28cb6a22d3f3/window/rect[39m
[38;5;0m[HTTP][0m [90m{}[39m
[38;5;0m[HTTP][0m [37m<-- GET /wd/hub/session/d58c6ebc-b312-4d61-9e07-28cb6a22d3f3/window/rect [39m[32m200[39m [90m20 ms - 50[39m
[38;5;0m[HTTP][0m [90m[39m
[38;5;0m[HTTP][0m [37m-->[39m [37mPOST[39m [37m/wd/hub/session/d58c6ebc-b312-4d61-9e07-28cb6a22d3f3/elements[39m
[38;5;0m[HTTP][0m [90m{"using":"xpath","value":"//*[@class = 'android.widget.ImageButton' and (@text = '' or . = '')]"}[39m
[38;5;0m[HTTP][0m [37m<-- POST /wd/hub/session/d58c6ebc-b312-4d61-9e07-28cb6a22d3f3/elements [39m[32m200[39m [90m282 ms - 139[39m
[38;5;0m[HTTP][0m [90m[39m
[38;5;0m[HTTP][0m [37m-->[39m [37mGET[39m [37m/wd/hub/session/d58c6ebc-b312-4d61-9e07-28cb6a22d3f3/element/00000000-0000-044a-ffff-ffff000002e0/location[39m
[38;5;0m[HTTP][0m [90m{}[39m
[38;5;48m[AndroidUiautomator2Driver@33eb (d58c6ebc)][0m Driver proxy active, passing request on via HTTP proxy
[38;5;48m[AndroidUiautomator2Driver@33eb (d58c6ebc)][0m Replacing sessionId 4d589a88-8931-4d90-9fa4-d7764e56fa04 with d58c6ebc-b312-4d61-9e07-28cb6a22d3f3
[38;5;0m[HTTP][0m [37m<-- GET /wd/hub/session/d58c6ebc-b312-4d61-9e07-28cb6a22d3f3/element/00000000-0000-044a-ffff-ffff000002e0/location [39m[32m200[39m [90m21 ms - 75[39m
[38;5;0m[HTTP][0m [90m[39m
[38;5;0m[HTTP][0m [37m-->[39m [37mPOST[39m [37m/wd/hub/session/d58c6ebc-b312-4d61-9e07-28cb6a22d3f3/element/00000000-0000-044a-ffff-ffff000002e0/click[39m
[38;5;0m[HTTP][0m [90m{"id":"00000000-0000-044a-ffff-ffff000002e0"}[39m
[38;5;0m[HTTP][0m [37m<-- POST /wd/hub/session/d58c6ebc-b312-4d61-9e07-28cb6a22d3f3/element/00000000-0000-044a-ffff-ffff000002e0/click [39m[32m200[39m [90m66 ms - 14[39m
[38;5;0m[HTTP][0m [90m[39m
[38;5;0m[HTTP][0m [37m-->[39m [37mGET[39m [37m/wd/hub/session/d58c6ebc-b312-4d61-9e07-28cb6a22d3f3/source[39m
[38;5;0m[HTTP][0m [90m{}[39m
[38;5;48m[AndroidUiautomator2Driver@33eb (d58c6ebc)][0m Driver proxy active, passing request on via HTTP proxy
[38;5;48m[AndroidUiautomator2Driver@33eb (d58c6ebc)][0m Replacing sessionId 4d589a88-8931-4d90-9fa4-d7764e56fa04 with d58c6ebc-b312-4d61-9e07-28cb6a22d3f3
[38;5;0m[HTTP][0m [37m<-- GET /wd/hub/session/d58c6ebc-b312-4d61-9e07-28cb6a22d3f3/source [39m[32m200[39m [90m1456 ms - 52635[39m
[38;5;0m[HTTP][0m [90m[39m
[38;5;0m[HTTP][0m [37m-->[39m [37mGET[39m [37m/wd/hub/session/d58c6ebc-b312-4d61-9e07-28cb6a22d3f3/screenshot[39m
[38;5;0m[HTTP][0m [90m{}[39m
[38;5;0m[HTTP][0m [37m<-- GET /wd/hub/session/d58c6ebc-b312-4d61-9e07-28cb6a22d3f3/screenshot [39m[32m200[39m [90m1906 ms - 3503544[39m
[38;5;0m[HTTP][0m [90m[39m
[38;5;0m[HTTP][0m [37m-->[39m [37mPOST[39m [37m/wd/hub/session/d58c6ebc-b312-4d61-9e07-28cb6a22d3f3/elements[39m
[38;5;0m[HTTP][0m [90m{"using":"xpath","value":"//*[@class = 'android.widget.ImageButton' and (@text = '' or . = '')]"}[39m
[38;5;0m[HTTP][0m [37m<-- POST /wd/hub/session/d58c6ebc-b312-4d61-9e07-28cb6a22d3f3/elements [39m[32m200[39m [90m871 ms - 139[39m
[38;5;0m[HTTP][0m [90m[39m
[38;5;0m[HTTP][0m [37m-->[39m [37mGET[39m [37m/wd/hub/session/d58c6ebc-b312-4d61-9e07-28cb6a22d3f3/window/rect[39m
[38;5;0m[HTTP][0m [90m{}[39m
[38;5;0m[HTTP][0m [37m<-- GET /wd/hub/session/d58c6ebc-b312-4d61-9e07-28cb6a22d3f3/window/rect [39m[32m200[39m [90m45 ms - 50[39m
[38;5;0m[HTTP][0m [90m[39m
[38;5;0m[HTTP][0m [37m-->[39m [37mPOST[39m [37m/wd/hub/session/d58c6ebc-b312-4d61-9e07-28cb6a22d3f3/elements[39m
[38;5;0m[HTTP][0m [90m{"using":"xpath","value":"//*[@class = 'android.widget.ImageButton' and (@text = '' or . = '')]"}[39m
[38;5;0m[HTTP][0m [37m<-- POST /wd/hub/session/d58c6ebc-b312-4d61-9e07-28cb6a22d3f3/elements [39m[32m200[39m [90m862 ms - 139[39m
[38;5;0m[HTTP][0m [90m[39m
[38;5;0m[HTTP][0m [37m-->[39m [37mGET[39m [37m/wd/hub/session/d58c6ebc-b312-4d61-9e07-28cb6a22d3f3/element/00000000-0000-043e-ffff-ffff00000024/location[39m
[38;5;0m[HTTP][0m [90m{}[39m
[38;5;48m[AndroidUiautomator2Driver@33eb (d58c6ebc)][0m Driver proxy active, passing request on via HTTP proxy
[38;5;48m[AndroidUiautomator2Driver@33eb (d58c6ebc)][0m Replacing sessionId 4d589a88-8931-4d90-9fa4-d7764e56fa04 with d58c6ebc-b312-4d61-9e07-28cb6a22d3f3
[38;5;0m[HTTP][0m [37m<-- GET /wd/hub/session/d58c6ebc-b312-4d61-9e07-28cb6a22d3f3/element/00000000-0000-043e-ffff-ffff00000024/location [39m[32m200[39m [90m46 ms - 75[39m
[38;5;0m[HTTP][0m [90m[39m
[38;5;0m[HTTP][0m [37m-->[39m [37mPOST[39m [37m/wd/hub/session/d58c6ebc-b312-4d61-9e07-28cb6a22d3f3/element/00000000-0000-043e-ffff-ffff00000024/click[39m
[38;5;0m[HTTP][0m [90m{"id":"00000000-0000-043e-ffff-ffff00000024"}[39m
[38;5;0m[HTTP][0m [37m<-- POST /wd/hub/session/d58c6ebc-b312-4d61-9e07-28cb6a22d3f3/element/00000000-0000-043e-ffff-ffff00000024/click [39m[32m200[39m [90m120 ms - 14[39m
[38;5;0m[HTTP][0m [90m[39m
[38;5;0m[HTTP][0m [37m-->[39m [37mGET[39m [37m/wd/hub/session/d58c6ebc-b312-4d61-9e07-28cb6a22d3f3/source[39m
[38;5;0m[HTTP][0m [90m{}[39m
[38;5;48m[AndroidUiautomator2Driver@33eb (d58c6ebc)][0m Driver proxy active, passing request on via HTTP proxy
[38;5;48m[AndroidUiautomator2Driver@33eb (d58c6ebc)][0m Replacing sessionId 4d589a88-8931-4d90-9fa4-d7764e56fa04 with d58c6ebc-b312-4d61-9e07-28cb6a22d3f3
[38;5;0m[HTTP][0m [37m<-- GET /wd/hub/session/d58c6ebc-b312-4d61-9e07-28cb6a22d3f3/source [39m[32m200[39m [90m1147 ms - 38404[39m
[38;5;0m[HTTP][0m [90m[39m
[38;5;0m[HTTP][0m [37m-->[39m [37mGET[39m [37m/wd/hub/session/d58c6ebc-b312-4d61-9e07-28cb6a22d3f3/screenshot[39m
[38;5;0m[HTTP][0m [90m{}[39m
[38;5;0m[HTTP][0m [37m<-- GET /wd/hub/session/d58c6ebc-b312-4d61-9e07-28cb6a22d3f3/screenshot [39m[32m200[39m [90m2656 ms - 3842696[39m
[38;5;0m[HTTP][0m [90m[39m
[38;5;0m[HTTP][0m [37m-->[39m [37mPOST[39m [37m/wd/hub/session/d58c6ebc-b312-4d61-9e07-28cb6a22d3f3/elements[39m
[38;5;0m[HTTP][0m [90m{"using":"xpath","value":"//*[@class = 'android.widget.TextView' and (@text = 'ACCOUNT' or . = 'ACCOUNT') and @resource-id = 'co.tapcart.app.id_gCATITBKZP:id/titleTextView']"}[39m
[38;5;0m[HTTP][0m [37m<-- POST /wd/hub/session/d58c6ebc-b312-4d61-9e07-28cb6a22d3f3/elements [39m[32m200[39m [90m745 ms - 139[39m
[38;5;0m[HTTP][0m [90m[39m
[38;5;0m[HTTP][0m [37m-->[39m [37mGET[39m [37m/wd/hub/session/d58c6ebc-b312-4d61-9e07-28cb6a22d3f3/window/rect[39m
[38;5;0m[HTTP][0m [90m{}[39m
[38;5;0m[HTTP][0m [37m<-- GET /wd/hub/session/d58c6ebc-b312-4d61-9e07-28cb6a22d3f3/window/rect [39m[32m200[39m [90m13 ms - 50[39m
[38;5;0m[HTTP][0m [90m[39m
[38;5;0m[HTTP][0m [37m-->[39m [37mPOST[39m [37m/wd/hub/session/d58c6ebc-b312-4d61-9e07-28cb6a22d3f3/elements[39m
[38;5;0m[HTTP][0m [90m{"using":"xpath","value":"//*[@class = 'android.widget.TextView' and (@text = 'ACCOUNT' or . = 'ACCOUNT') and @resource-id = 'co.tapcart.app.id_gCATITBKZP:id/titleTextView']"}[39m
[38;5;0m[HTTP][0m [37m<-- POST /wd/hub/session/d58c6ebc-b312-4d61-9e07-28cb6a22d3f3/elements [39m[32m200[39m [90m702 ms - 139[39m
[38;5;0m[HTTP][0m [90m[39m
[38;5;0m[HTTP][0m [37m-->[39m [37mGET[39m [37m/wd/hub/session/d58c6ebc-b312-4d61-9e07-28cb6a22d3f3/element/00000000-0000-043e-ffff-ffff00000041/location[39m
[38;5;0m[HTTP][0m [90m{}[39m
[38;5;48m[AndroidUiautomator2Driver@33eb (d58c6ebc)][0m Driver proxy active, passing request on via HTTP proxy
[38;5;48m[AndroidUiautomator2Driver@33eb (d58c6ebc)][0m Replacing sessionId 4d589a88-8931-4d90-9fa4-d7764e56fa04 with d58c6ebc-b312-4d61-9e07-28cb6a22d3f3
[38;5;0m[HTTP][0m [37m<-- GET /wd/hub/session/d58c6ebc-b312-4d61-9e07-28cb6a22d3f3/element/00000000-0000-043e-ffff-ffff00000041/location [39m[32m200[39m [90m49 ms - 79[39m
[38;5;0m[HTTP][0m [90m[39m
[38;5;0m[HTTP][0m [37m-->[39m [37mPOST[39m [37m/wd/hub/session/d58c6ebc-b312-4d61-9e07-28cb6a22d3f3/element/00000000-0000-043e-ffff-ffff00000041/click[39m
[38;5;0m[HTTP][0m [90m{"id":"00000000-0000-043e-ffff-ffff00000041"}[39m
[38;5;0m[HTTP][0m [37m<-- POST /wd/hub/session/d58c6ebc-b312-4d61-9e07-28cb6a22d3f3/element/00000000-0000-043e-ffff-ffff00000041/click [39m[32m200[39m [90m107 ms - 14[39m
[38;5;0m[HTTP][0m [90m[39m
[38;5;0m[HTTP][0m [37m-->[39m [37mGET[39m [37m/wd/hub/session/d58c6ebc-b312-4d61-9e07-28cb6a22d3f3/source[39m
[38;5;0m[HTTP][0m [90m{}[39m
[38;5;48m[AndroidUiautomator2Driver@33eb (d58c6ebc)][0m Driver proxy active, passing request on via HTTP proxy
[38;5;48m[AndroidUiautomator2Driver@33eb (d58c6ebc)][0m Replacing sessionId 4d589a88-8931-4d90-9fa4-d7764e56fa04 with d58c6ebc-b312-4d61-9e07-28cb6a22d3f3
[38;5;0m[HTTP][0m [37m<-- GET /wd/hub/session/d58c6ebc-b312-4d61-9e07-28cb6a22d3f3/source [39m[32m200[39m [90m725 ms - 29380[39m
[38;5;0m[HTTP][0m [90m[39m
[38;5;0m[HTTP][0m [37m-->[39m [37mGET[39m [37m/wd/hub/session/d58c6ebc-b312-4d61-9e07-28cb6a22d3f3/screenshot[39m
[38;5;0m[HTTP][0m [90m{}[39m
[38;5;0m[HTTP][0m [37m<-- GET /wd/hub/session/d58c6ebc-b312-4d61-9e07-28cb6a22d3f3/screenshot [39m[32m200[39m [90m487 ms - 94016[39m
[38;5;0m[HTTP][0m [90m[39m
[38;5;0m[HTTP][0m [37m-->[39m [37mPOST[39m [37m/wd/hub/session/d58c6ebc-b312-4d61-9e07-28cb6a22d3f3/elements[39m
[38;5;0m[HTTP][0m [90m{"using":"xpath","value":"//*[@class = 'android.widget.TextView' and (@text = 'Email' or . = 'Email')]"}[39m
[38;5;0m[HTTP][0m [37m<-- POST /wd/hub/session/d58c6ebc-b312-4d61-9e07-28cb6a22d3f3/elements [39m[32m200[39m [90m706 ms - 139[39m
[38;5;0m[HTTP][0m [90m[39m
[38;5;0m[HTTP][0m [37m-->[39m [37mGET[39m [37m/wd/hub/session/d58c6ebc-b312-4d61-9e07-28cb6a22d3f3/window/rect[39m
[38;5;0m[HTTP][0m [90m{}[39m
[38;5;0m[HTTP][0m [37m<-- GET /wd/hub/session/d58c6ebc-b312-4d61-9e07-28cb6a22d3f3/window/rect [39m[32m200[39m [90m26 ms - 50[39m
[38;5;0m[HTTP][0m [90m[39m
[38;5;0m[HTTP][0m [37m-->[39m [37mPOST[39m [37m/wd/hub/session/d58c6ebc-b312-4d61-9e07-28cb6a22d3f3/elements[39m
[38;5;0m[HTTP][0m [90m{"using":"xpath","value":"//*[@class = 'android.widget.TextView' and (@text = 'Email' or . = 'Email')]"}[39m
[38;5;0m[HTTP][0m [37m<-- POST /wd/hub/session/d58c6ebc-b312-4d61-9e07-28cb6a22d3f3/elements [39m[32m200[39m [90m471 ms - 139[39m
[38;5;0m[HTTP][0m [90m[39m
[38;5;0m[HTTP][0m [37m-->[39m [37mGET[39m [37m/wd/hub/session/d58c6ebc-b312-4d61-9e07-28cb6a22d3f3/element/00000000-0000-043e-0000-00110000032f/location[39m
[38;5;0m[HTTP][0m [90m{}[39m
[38;5;48m[AndroidUiautomator2Driver@33eb (d58c6ebc)][0m Driver proxy active, passing request on via HTTP proxy
[38;5;48m[AndroidUiautomator2Driver@33eb (d58c6ebc)][0m Replacing sessionId 4d589a88-8931-4d90-9fa4-d7764e56fa04 with d58c6ebc-b312-4d61-9e07-28cb6a22d3f3
[38;5;0m[HTTP][0m [37m<-- GET /wd/hub/session/d58c6ebc-b312-4d61-9e07-28cb6a22d3f3/element/00000000-0000-043e-0000-00110000032f/location [39m[32m200[39m [90m34 ms - 78[39m
[38;5;0m[HTTP][0m [90m[39m
[38;5;0m[HTTP][0m [37m-->[39m [37mPOST[39m [37m/wd/hub/session/d58c6ebc-b312-4d61-9e07-28cb6a22d3f3/element/00000000-0000-043e-0000-00110000032f/clear[39m
[38;5;0m[HTTP][0m [90m{"id":"00000000-0000-043e-0000-00110000032f"}[39m
[38;5;0m[HTTP][0m [37m<-- POST /wd/hub/session/d58c6ebc-b312-4d61-9e07-28cb6a22d3f3/element/00000000-0000-043e-0000-00110000032f/clear [39m[32m200[39m [90m43 ms - 14[39m
[38;5;0m[HTTP][0m [90m[39m
[38;5;0m[HTTP][0m [37m-->[39m [37mPOST[39m [37m/wd/hub/session/d58c6ebc-b312-4d61-9e07-28cb6a22d3f3/element/00000000-0000-043e-0000-00110000032f/click[39m
[38;5;0m[HTTP][0m [90m{"id":"00000000-0000-043e-0000-00110000032f"}[39m
[38;5;0m[HTTP][0m [37m<-- POST /wd/hub/session/d58c6ebc-b312-4d61-9e07-28cb6a22d3f3/element/00000000-0000-043e-0000-00110000032f/click [39m[32m200[39m [90m137 ms - 14[39m
[38;5;0m[HTTP][0m [90m[39m
[38;5;0m[HTTP][0m [37m-->[39m [37mPOST[39m [37m/wd/hub/session/d58c6ebc-b312-4d61-9e07-28cb6a22d3f3/element/00000000-0000-043e-0000-00110000032f/value[39m
[38;5;0m[HTTP][0m [90m{"id":"00000000-0000-043e-0000-00110000032f","text":"alfiko96@gmail.com","value":["a","l","f","i","k","o","9","6","@","g","m","a","i","l",".","c","o","m"]}[39m
[38;5;48m[AndroidUiautomator2Driver@33eb (d58c6ebc)][0m Got response with status 400: {"sessionId":"4d589a88-8931-4d90-9fa4-d7764e56fa04","value":{"error":"invalid element state","message":"Cannot set the element to 'alfiko96@gmail.com'. Did you interact with the correct element?","stacktrace":"io.appium.uiautomator2.common.exceptions.InvalidElementStateException: Cannot set the element to 'alfiko96@gmail.com'. Did you interact with the correct element?\n\tat io.appium.uiautomator2.handler.SendKeysToElement.setText(SendKeysToElement.java:87)\n\tat io.appium.uiautomator2.handler.SendKeysToElement.safeHandle(SendKeysToElement.java:115)\n\tat io.appium.uiautomator2.handler.request.SafeRequestHandler.handle(SafeRequestHandler.java:59)\n\tat io.appium.uiautomator2.server.AppiumServlet.handleRequest(AppiumServlet.java:259)\n\tat io.appium.uiautomator2.server.AppiumServlet.handleHttpRequest(AppiumServlet.java:253)\n\tat io.appium.uiautomator2.http.ServerHandler.channelRead(ServerHandler.java:77)\n\tat io.netty.channel.AbstractChannelHandlerContext.invokeChannelRead(AbstractChannelHandlerContext.ja...
[38;5;0m[HTTP][0m [37m<-- POST /wd/hub/session/d58c6ebc-b312-4d61-9e07-28cb6a22d3f3/element/00000000-0000-043e-0000-00110000032f/value [39m[33m400[39m [90m2030 ms - 3916[39m
[38;5;0m[HTTP][0m [90m[39m
[38;5;0m[HTTP][0m [37m-->[39m [37mPOST[39m [37m/wd/hub/session/d58c6ebc-b312-4d61-9e07-28cb6a22d3f3/elements[39m
[38;5;0m[HTTP][0m [90m{"using":"xpath","value":"//*[@class = 'android.view.View' and (@text = '' or . = '')]"}[39m
[38;5;0m[HTTP][0m [37m<-- POST /wd/hub/session/d58c6ebc-b312-4d61-9e07-28cb6a22d3f3/elements [39m[32m200[39m [90m755 ms - 1163[39m
[38;5;0m[HTTP][0m [90m[39m
[38;5;0m[HTTP][0m [37m-->[39m [37mPOST[39m [37m/wd/hub/session/d58c6ebc-b312-4d61-9e07-28cb6a22d3f3/elements[39m
[38;5;0m[HTTP][0m [90m{"using":"-android uiautomator","value":"new UiSelector().className(\"android.view.View\")"}[39m
[38;5;0m[HTTP][0m [37m<-- POST /wd/hub/session/d58c6ebc-b312-4d61-9e07-28cb6a22d3f3/elements [39m[32m200[39m [90m601 ms - 1163[39m
[38;5;0m[HTTP][0m [90m[39m
[38;5;0m[HTTP][0m [37m-->[39m [37mPOST[39m [37m/wd/hub/session/d58c6ebc-b312-4d61-9e07-28cb6a22d3f3/elements[39m
[38;5;0m[HTTP][0m [90m{"using":"xpath","value":"//*[@class = 'android.widget.EditText' and @resource-id = 'emailAddressEditText' and (@text = '' or . = '')]"}[39m
[38;5;0m[HTTP][0m [37m<-- POST /wd/hub/session/d58c6ebc-b312-4d61-9e07-28cb6a22d3f3/elements [39m[32m200[39m [90m499 ms - 139[39m
[38;5;0m[HTTP][0m [90m[39m
[38;5;0m[HTTP][0m [37m-->[39m [37mGET[39m [37m/wd/hub/session/d58c6ebc-b312-4d61-9e07-28cb6a22d3f3/window/rect[39m
[38;5;0m[HTTP][0m [90m{}[39m
[38;5;0m[HTTP][0m [37m<-- GET /wd/hub/session/d58c6ebc-b312-4d61-9e07-28cb6a22d3f3/window/rect [39m[32m200[39m [90m23 ms - 50[39m
[38;5;0m[HTTP][0m [90m[39m
[38;5;0m[HTTP][0m [37m-->[39m [37mPOST[39m [37m/wd/hub/session/d58c6ebc-b312-4d61-9e07-28cb6a22d3f3/elements[39m
[38;5;0m[HTTP][0m [90m{"using":"xpath","value":"//*[@class = 'android.widget.EditText' and @resource-id = 'emailAddressEditText' and (@text = '' or . = '')]"}[39m
[38;5;0m[HTTP][0m [37m<-- POST /wd/hub/session/d58c6ebc-b312-4d61-9e07-28cb6a22d3f3/elements [39m[32m200[39m [90m505 ms - 139[39m
[38;5;0m[HTTP][0m [90m[39m
[38;5;0m[HTTP][0m [37m-->[39m [37mGET[39m [37m/wd/hub/session/d58c6ebc-b312-4d61-9e07-28cb6a22d3f3/element/00000000-0000-043e-0000-000c0000032f/location[39m
[38;5;0m[HTTP][0m [90m{}[39m
[38;5;48m[AndroidUiautomator2Driver@33eb (d58c6ebc)][0m Driver proxy active, passing request on via HTTP proxy
[38;5;48m[AndroidUiautomator2Driver@33eb (d58c6ebc)][0m Replacing sessionId 4d589a88-8931-4d90-9fa4-d7764e56fa04 with d58c6ebc-b312-4d61-9e07-28cb6a22d3f3
[38;5;0m[HTTP][0m [37m<-- GET /wd/hub/session/d58c6ebc-b312-4d61-9e07-28cb6a22d3f3/element/00000000-0000-043e-0000-000c0000032f/location [39m[32m200[39m [90m326 ms - 77[39m
[38;5;0m[HTTP][0m [90m[39m
[38;5;0m[HTTP][0m [37m-->[39m [37mPOST[39m [37m/wd/hub/session/d58c6ebc-b312-4d61-9e07-28cb6a22d3f3/element/00000000-0000-043e-0000-000c0000032f/clear[39m
[38;5;0m[HTTP][0m [90m{"id":"00000000-0000-043e-0000-000c0000032f"}[39m
[38;5;0m[HTTP][0m [37m<-- POST /wd/hub/session/d58c6ebc-b312-4d61-9e07-28cb6a22d3f3/element/00000000-0000-043e-0000-000c0000032f/clear [39m[32m200[39m [90m65 ms - 14[39m
[38;5;0m[HTTP][0m [90m[39m
[38;5;0m[HTTP][0m [37m-->[39m [37mPOST[39m [37m/wd/hub/session/d58c6ebc-b312-4d61-9e07-28cb6a22d3f3/element/00000000-0000-043e-0000-000c0000032f/click[39m
[38;5;0m[HTTP][0m [90m{"id":"00000000-0000-043e-0000-000c0000032f"}[39m
[38;5;0m[HTTP][0m [37m<-- POST /wd/hub/session/d58c6ebc-b312-4d61-9e07-28cb6a22d3f3/element/00000000-0000-043e-0000-000c0000032f/click [39m[32m200[39m [90m156 ms - 14[39m
[38;5;0m[HTTP][0m [90m[39m
[38;5;0m[HTTP][0m [37m-->[39m [37mPOST[39m [37m/wd/hub/session/d58c6ebc-b312-4d61-9e07-28cb6a22d3f3/element/00000000-0000-043e-0000-000c0000032f/value[39m
[38;5;0m[HTTP][0m [90m{"id":"00000000-0000-043e-0000-000c0000032f","text":"alfiko96@gmail.com","value":["a","l","f","i","k","o","9","6","@","g","m","a","i","l",".","c","o","m"]}[39m
[38;5;0m[HTTP][0m [37m<-- POST /wd/hub/session/d58c6ebc-b312-4d61-9e07-28cb6a22d3f3/element/00000000-0000-043e-0000-000c0000032f/value [39m[32m200[39m [90m119 ms - 14[39m
[38;5;0m[HTTP][0m [90m[39m
[38;5;0m[HTTP][0m [37m-->[39m [37mGET[39m [37m/wd/hub/session/d58c6ebc-b312-4d61-9e07-28cb6a22d3f3/source[39m
[38;5;0m[HTTP][0m [90m{}[39m
[38;5;48m[AndroidUiautomator2Driver@33eb (d58c6ebc)][0m Driver proxy active, passing request on via HTTP proxy
[38;5;48m[AndroidUiautomator2Driver@33eb (d58c6ebc)][0m Replacing sessionId 4d589a88-8931-4d90-9fa4-d7764e56fa04 with d58c6ebc-b312-4d61-9e07-28cb6a22d3f3
[38;5;0m[HTTP][0m [37m<-- GET /wd/hub/session/d58c6ebc-b312-4d61-9e07-28cb6a22d3f3/source [39m[32m200[39m [90m520 ms - 29780[39m
[38;5;0m[HTTP][0m [90m[39m
[38;5;0m[HTTP][0m [37m-->[39m [37mGET[39m [37m/wd/hub/session/d58c6ebc-b312-4d61-9e07-28cb6a22d3f3/screenshot[39m
[38;5;0m[HTTP][0m [90m{}[39m
[38;5;0m[HTTP][0m [37m<-- GET /wd/hub/session/d58c6ebc-b312-4d61-9e07-28cb6a22d3f3/screenshot [39m[32m200[39m [90m627 ms - 191844[39m
[38;5;0m[HTTP][0m [90m[39m
[38;5;0m[HTTP][0m [37m-->[39m [37mPOST[39m [37m/wd/hub/session/d58c6ebc-b312-4d61-9e07-28cb6a22d3f3/elements[39m
[38;5;0m[HTTP][0m [90m{"using":"xpath","value":"//*[@class = 'android.widget.EditText' and @resource-id = 'passwordEditText' and (@text = '' or . = '')]"}[39m
[38;5;0m[HTTP][0m [37m<-- POST /wd/hub/session/d58c6ebc-b312-4d61-9e07-28cb6a22d3f3/elements [39m[32m200[39m [90m455 ms - 139[39m
[38;5;0m[HTTP][0m [90m[39m
[38;5;0m[HTTP][0m [37m-->[39m [37mGET[39m [37m/wd/hub/session/d58c6ebc-b312-4d61-9e07-28cb6a22d3f3/window/rect[39m
[38;5;0m[HTTP][0m [90m{}[39m
[38;5;0m[HTTP][0m [37m<-- GET /wd/hub/session/d58c6ebc-b312-4d61-9e07-28cb6a22d3f3/window/rect [39m[32m200[39m [90m23 ms - 50[39m
[38;5;0m[HTTP][0m [90m[39m
[38;5;0m[HTTP][0m [37m-->[39m [37mPOST[39m [37m/wd/hub/session/d58c6ebc-b312-4d61-9e07-28cb6a22d3f3/elements[39m
[38;5;0m[HTTP][0m [90m{"using":"xpath","value":"//*[@class = 'android.widget.EditText' and @resource-id = 'passwordEditText' and (@text = '' or . = '')]"}[39m
[38;5;0m[HTTP][0m [37m<-- POST /wd/hub/session/d58c6ebc-b312-4d61-9e07-28cb6a22d3f3/elements [39m[32m200[39m [90m662 ms - 139[39m
[38;5;0m[HTTP][0m [90m[39m
[38;5;0m[HTTP][0m [37m-->[39m [37mGET[39m [37m/wd/hub/session/d58c6ebc-b312-4d61-9e07-28cb6a22d3f3/element/00000000-0000-043e-0000-00160000032f/location[39m
[38;5;0m[HTTP][0m [90m{}[39m
[38;5;48m[AndroidUiautomator2Driver@33eb (d58c6ebc)][0m Driver proxy active, passing request on via HTTP proxy
[38;5;48m[AndroidUiautomator2Driver@33eb (d58c6ebc)][0m Replacing sessionId 4d589a88-8931-4d90-9fa4-d7764e56fa04 with d58c6ebc-b312-4d61-9e07-28cb6a22d3f3
[38;5;0m[HTTP][0m [37m<-- GET /wd/hub/session/d58c6ebc-b312-4d61-9e07-28cb6a22d3f3/element/00000000-0000-043e-0000-00160000032f/location [39m[32m200[39m [90m40 ms - 77[39m
[38;5;0m[HTTP][0m [90m[39m
[38;5;0m[HTTP][0m [37m-->[39m [37mPOST[39m [37m/wd/hub/session/d58c6ebc-b312-4d61-9e07-28cb6a22d3f3/element/00000000-0000-043e-0000-00160000032f/clear[39m
[38;5;0m[HTTP][0m [90m{"id":"00000000-0000-043e-0000-00160000032f"}[39m
[38;5;0m[HTTP][0m [37m<-- POST /wd/hub/session/d58c6ebc-b312-4d61-9e07-28cb6a22d3f3/element/00000000-0000-043e-0000-00160000032f/clear [39m[32m200[39m [90m47 ms - 14[39m
[38;5;0m[HTTP][0m [90m[39m
[38;5;0m[HTTP][0m [37m-->[39m [37mPOST[39m [37m/wd/hub/session/d58c6ebc-b312-4d61-9e07-28cb6a22d3f3/element/00000000-0000-043e-0000-00160000032f/click[39m
[38;5;0m[HTTP][0m [90m{"id":"00000000-0000-043e-0000-00160000032f"}[39m
[38;5;0m[HTTP][0m [37m<-- POST /wd/hub/session/d58c6ebc-b312-4d61-9e07-28cb6a22d3f3/element/00000000-0000-043e-0000-00160000032f/click [39m[32m200[39m [90m1388 ms - 14[39m
[38;5;0m[HTTP][0m [90m[39m
[38;5;0m[HTTP][0m [37m-->[39m [37mPOST[39m [37m/wd/hub/session/d58c6ebc-b312-4d61-9e07-28cb6a22d3f3/element/00000000-0000-043e-0000-00160000032f/value[39m
[38;5;0m[HTTP][0m [90m{"id":"00000000-0000-043e-0000-00160000032f","text":"alfiko96","value":["a","l","f","i","k","o","9","6"]}[39m
[38;5;0m[HTTP][0m [37m<-- POST /wd/hub/session/d58c6ebc-b312-4d61-9e07-28cb6a22d3f3/element/00000000-0000-043e-0000-00160000032f/value [39m[32m200[39m [90m170 ms - 14[39m
[38;5;0m[HTTP][0m [90m[39m
[38;5;0m[HTTP][0m [37m-->[39m [37mGET[39m [37m/wd/hub/session/d58c6ebc-b312-4d61-9e07-28cb6a22d3f3/source[39m
[38;5;0m[HTTP][0m [90m{}[39m
[38;5;48m[AndroidUiautomator2Driver@33eb (d58c6ebc)][0m Driver proxy active, passing request on via HTTP proxy
[38;5;48m[AndroidUiautomator2Driver@33eb (d58c6ebc)][0m Replacing sessionId 4d589a88-8931-4d90-9fa4-d7764e56fa04 with d58c6ebc-b312-4d61-9e07-28cb6a22d3f3
[38;5;0m[HTTP][0m [37m<-- GET /wd/hub/session/d58c6ebc-b312-4d61-9e07-28cb6a22d3f3/source [39m[32m200[39m [90m493 ms - 29804[39m
[38;5;0m[HTTP][0m [90m[39m
[38;5;0m[HTTP][0m [37m-->[39m [37mGET[39m [37m/wd/hub/session/d58c6ebc-b312-4d61-9e07-28cb6a22d3f3/screenshot[39m
[38;5;0m[HTTP][0m [90m{}[39m
[38;5;0m[HTTP][0m [37m<-- GET /wd/hub/session/d58c6ebc-b312-4d61-9e07-28cb6a22d3f3/screenshot [39m[32m200[39m [90m596 ms - 177316[39m
[38;5;0m[HTTP][0m [90m[39m
[38;5;0m[HTTP][0m [37m-->[39m [37mPOST[39m [37m/wd/hub/session/d58c6ebc-b312-4d61-9e07-28cb6a22d3f3/elements[39m
[38;5;0m[HTTP][0m [90m{"using":"xpath","value":"//*[@class = 'android.widget.Button' and (@text = '' or . = '')]"}[39m
[38;5;0m[HTTP][0m [37m<-- POST /wd/hub/session/d58c6ebc-b312-4d61-9e07-28cb6a22d3f3/elements [39m[32m200[39m [90m665 ms - 395[39m
[38;5;0m[HTTP][0m [90m[39m
[38;5;0m[HTTP][0m [37m-->[39m [37mPOST[39m [37m/wd/hub/session/d58c6ebc-b312-4d61-9e07-28cb6a22d3f3/elements[39m
[38;5;0m[HTTP][0m [90m{"using":"-android uiautomator","value":"new UiSelector().className(\"android.widget.Button\")"}[39m
[38;5;0m[HTTP][0m [37m<-- POST /wd/hub/session/d58c6ebc-b312-4d61-9e07-28cb6a22d3f3/elements [39m[32m200[39m [90m447 ms - 395[39m
[38;5;0m[HTTP][0m [90m[39m
[38;5;0m[HTTP][0m [37m-->[39m [37mGET[39m [37m/wd/hub/session/d58c6ebc-b312-4d61-9e07-28cb6a22d3f3/window/rect[39m
[38;5;0m[HTTP][0m [90m{}[39m
[38;5;0m[HTTP][0m [37m<-- GET /wd/hub/session/d58c6ebc-b312-4d61-9e07-28cb6a22d3f3/window/rect [39m[32m200[39m [90m34 ms - 50[39m
[38;5;0m[HTTP][0m [90m[39m
[38;5;0m[HTTP][0m [37m-->[39m [37mPOST[39m [37m/wd/hub/session/d58c6ebc-b312-4d61-9e07-28cb6a22d3f3/elements[39m
[38;5;0m[HTTP][0m [90m{"using":"xpath","value":"//hierarchy/android.widget.FrameLayout[1]/android.widget.LinearLayout[1]/android.widget.FrameLayout[1]/android.widget.LinearLayout[1]/android.widget.FrameLayout[1]/android.widget.FrameLayout[1]/android.view.ViewGroup[1]/android.widget.FrameLayout[1]/android.widget.FrameLayout[1]/android.widget.FrameLayout[1]/androidx.compose.ui.platform.ComposeView[1]/android.view.View[1]/android.widget.ScrollView[1]/android.view.View[2]/android.widget.Button[1]"}[39m
[38;5;0m[HTTP][0m [37m<-- POST /wd/hub/session/d58c6ebc-b312-4d61-9e07-28cb6a22d3f3/elements [39m[32m200[39m [90m631 ms - 139[39m
[38;5;0m[HTTP][0m [90m[39m
[38;5;0m[HTTP][0m [37m-->[39m [37mGET[39m [37m/wd/hub/session/d58c6ebc-b312-4d61-9e07-28cb6a22d3f3/element/00000000-0000-043e-3b9a-ca1f0000032f/location[39m
[38;5;0m[HTTP][0m [90m{}[39m
[38;5;48m[AndroidUiautomator2Driver@33eb (d58c6ebc)][0m Driver proxy active, passing request on via HTTP proxy
[38;5;48m[AndroidUiautomator2Driver@33eb (d58c6ebc)][0m Replacing sessionId 4d589a88-8931-4d90-9fa4-d7764e56fa04 with d58c6ebc-b312-4d61-9e07-28cb6a22d3f3
[38;5;0m[HTTP][0m [37m<-- GET /wd/hub/session/d58c6ebc-b312-4d61-9e07-28cb6a22d3f3/element/00000000-0000-043e-3b9a-ca1f0000032f/location [39m[32m200[39m [90m35 ms - 78[39m
[38;5;0m[HTTP][0m [90m[39m
[38;5;0m[HTTP][0m [37m-->[39m [37mPOST[39m [37m/wd/hub/session/d58c6ebc-b312-4d61-9e07-28cb6a22d3f3/element/00000000-0000-043e-3b9a-ca1f0000032f/click[39m
[38;5;0m[HTTP][0m [90m{"id":"00000000-0000-043e-3b9a-ca1f0000032f"}[39m
[38;5;0m[HTTP][0m [37m<-- POST /wd/hub/session/d58c6ebc-b312-4d61-9e07-28cb6a22d3f3/element/00000000-0000-043e-3b9a-ca1f0000032f/click [39m[32m200[39m [90m106 ms - 14[39m
[38;5;0m[HTTP][0m [90m[39m
[38;5;0m[HTTP][0m [37m-->[39m [37mGET[39m [37m/wd/hub/session/d58c6ebc-b312-4d61-9e07-28cb6a22d3f3/source[39m
[38;5;0m[HTTP][0m [90m{}[39m
[38;5;48m[AndroidUiautomator2Driver@33eb (d58c6ebc)][0m Driver proxy active, passing request on via HTTP proxy
[38;5;48m[AndroidUiautomator2Driver@33eb (d58c6ebc)][0m Replacing sessionId 4d589a88-8931-4d90-9fa4-d7764e56fa04 with d58c6ebc-b312-4d61-9e07-28cb6a22d3f3
[38;5;0m[HTTP][0m [37m<-- GET /wd/hub/session/d58c6ebc-b312-4d61-9e07-28cb6a22d3f3/source [39m[32m200[39m [90m509 ms - 3137[39m
[38;5;0m[HTTP][0m [90m[39m
[38;5;0m[HTTP][0m [37m-->[39m [37mGET[39m [37m/wd/hub/session/d58c6ebc-b312-4d61-9e07-28cb6a22d3f3/screenshot[39m
[38;5;0m[HTTP][0m [90m{}[39m
[38;5;0m[HTTP][0m [37m<-- GET /wd/hub/session/d58c6ebc-b312-4d61-9e07-28cb6a22d3f3/screenshot [39m[32m200[39m [90m474 ms - 95696[39m
[38;5;0m[HTTP][0m [90m[39m
[38;5;0m[HTTP][0m [37m-->[39m [37mGET[39m [37m/wd/hub/session/d58c6ebc-b312-4d61-9e07-28cb6a22d3f3/context[39m
[38;5;0m[HTTP][0m [90m{}[39m
[38;5;0m[HTTP][0m [37m<-- GET /wd/hub/session/d58c6ebc-b312-4d61-9e07-28cb6a22d3f3/context [39m[32m200[39m [90m2 ms - 22[39m
[38;5;0m[HTTP][0m [90m[39m
[38;5;0m[HTTP][0m [37m-->[39m [37mGET[39m [37m/wd/hub/session/d58c6ebc-b312-4d61-9e07-28cb6a22d3f3/contexts[39m
[38;5;0m[HTTP][0m [90m{}[39m
[38;5;0m[HTTP][0m [37m<-- GET /wd/hub/session/d58c6ebc-b312-4d61-9e07-28cb6a22d3f3/contexts [39m[32m200[39m [90m366 ms - 24[39m
[38;5;0m[HTTP][0m [90m[39m
[38;5;0m[HTTP][0m [37m-->[39m [37mPOST[39m [37m/wd/hub/session/d58c6ebc-b312-4d61-9e07-28cb6a22d3f3/context[39m
[38;5;0m[HTTP][0m [90m{"name":"NATIVE_APP"}[39m
[38;5;0m[HTTP][0m [37m<-- POST /wd/hub/session/d58c6ebc-b312-4d61-9e07-28cb6a22d3f3/context [39m[32m200[39m [90m1 ms - 14[39m
[38;5;0m[HTTP][0m [90m[39m
[38;5;0m[HTTP][0m [37m-->[39m [37mPOST[39m [37m/wd/hub/session/d58c6ebc-b312-4d61-9e07-28cb6a22d3f3/orientation[39m
[38;5;0m[HTTP][0m [90m{"orientation":"PORTRAIT"}[39m
[38;5;48m[AndroidUiautomator2Driver@33eb (d58c6ebc)][0m Driver proxy active, passing request on via HTTP proxy
[38;5;48m[AndroidUiautomator2Driver@33eb (d58c6ebc)][0m Replacing sessionId 4d589a88-8931-4d90-9fa4-d7764e56fa04 with d58c6ebc-b312-4d61-9e07-28cb6a22d3f3
[38;5;0m[HTTP][0m [37m<-- POST /wd/hub/session/d58c6ebc-b312-4d61-9e07-28cb6a22d3f3/orientation [39m[32m200[39m [90m65 ms - 71[39m
[38;5;0m[HTTP][0m [90m[39m
[38;5;0m[HTTP][0m [37m-->[39m [37mPOST[39m [37m/wd/hub/session/d58c6ebc-b312-4d61-9e07-28cb6a22d3f3/context[39m
[38;5;0m[HTTP][0m [90m{"name":"NATIVE_APP"}[39m
[38;5;0m[HTTP][0m [37m<-- POST /wd/hub/session/d58c6ebc-b312-4d61-9e07-28cb6a22d3f3/context [39m[32m200[39m [90m2 ms - 14[39m
[38;5;0m[HTTP][0m [90m[39m
[38;5;0m[HTTP][0m [37m-->[39m [37mGET[39m [37m/wd/hub/session/d58c6ebc-b312-4d61-9e07-28cb6a22d3f3/source[39m
[38;5;0m[HTTP][0m [90m{}[39m
[38;5;48m[AndroidUiautomator2Driver@33eb (d58c6ebc)][0m Driver proxy active, passing request on via HTTP proxy
[38;5;48m[AndroidUiautomator2Driver@33eb (d58c6ebc)][0m Replacing sessionId 4d589a88-8931-4d90-9fa4-d7764e56fa04 with d58c6ebc-b312-4d61-9e07-28cb6a22d3f3
[38;5;0m[HTTP][0m [37m<-- GET /wd/hub/session/d58c6ebc-b312-4d61-9e07-28cb6a22d3f3/source [39m[32m200[39m [90m535 ms - 29340[39m
[38;5;0m[HTTP][0m [90m[39m
[38;5;0m[HTTP][0m [37m-->[39m [37mGET[39m [37m/wd/hub/session/d58c6ebc-b312-4d61-9e07-28cb6a22d3f3/screenshot[39m
[38;5;0m[HTTP][0m [90m{}[39m
[38;5;0m[HTTP][0m [37m<-- GET /wd/hub/session/d58c6ebc-b312-4d61-9e07-28cb6a22d3f3/screenshot [39m[32m200[39m [90m589 ms - 124228[39m
[38;5;0m[HTTP][0m [90m[39m
[38;5;0m[HTTP][0m [37m-->[39m [37mGET[39m [37m/wd/hub/session/d58c6ebc-b312-4d61-9e07-28cb6a22d3f3/window/rect[39m
[38;5;0m[HTTP][0m [90m{}[39m
[38;5;0m[HTTP][0m [37m<-- GET /wd/hub/session/d58c6ebc-b312-4d61-9e07-28cb6a22d3f3/window/rect [39m[32m200[39m [90m49 ms - 50[39m
[38;5;0m[HTTP][0m [90m[39m
[38;5;0m[HTTP][0m [37m-->[39m [37mPOST[39m [37m/wd/hub/session/d58c6ebc-b312-4d61-9e07-28cb6a22d3f3/elements[39m
[38;5;0m[HTTP][0m [90m{"using":"xpath","value":"//*[@class = 'android.widget.ImageButton' and (@text = '' or . = '')]"}[39m
[38;5;0m[HTTP][0m [37m<-- POST /wd/hub/session/d58c6ebc-b312-4d61-9e07-28cb6a22d3f3/elements [39m[32m200[39m [90m600 ms - 139[39m
[38;5;0m[HTTP][0m [90m[39m
[38;5;0m[HTTP][0m [37m-->[39m [37mGET[39m [37m/wd/hub/session/d58c6ebc-b312-4d61-9e07-28cb6a22d3f3/element/00000000-0000-043e-ffff-ffff00000024/location[39m
[38;5;0m[HTTP][0m [90m{}[39m
[38;5;48m[AndroidUiautomator2Driver@33eb (d58c6ebc)][0m Driver proxy active, passing request on via HTTP proxy
[38;5;48m[AndroidUiautomator2Driver@33eb (d58c6ebc)][0m Replacing sessionId 4d589a88-8931-4d90-9fa4-d7764e56fa04 with d58c6ebc-b312-4d61-9e07-28cb6a22d3f3
[38;5;0m[HTTP][0m [37m<-- GET /wd/hub/session/d58c6ebc-b312-4d61-9e07-28cb6a22d3f3/element/00000000-0000-043e-ffff-ffff00000024/location [39m[32m200[39m [90m33 ms - 75[39m
[38;5;0m[HTTP][0m [90m[39m
[38;5;0m[HTTP][0m [37m-->[39m [37mPOST[39m [37m/wd/hub/session/d58c6ebc-b312-4d61-9e07-28cb6a22d3f3/element/00000000-0000-043e-ffff-ffff00000024/click[39m
[38;5;0m[HTTP][0m [90m{"id":"00000000-0000-043e-ffff-ffff00000024"}[39m
[38;5;0m[HTTP][0m [37m<-- POST /wd/hub/session/d58c6ebc-b312-4d61-9e07-28cb6a22d3f3/element/00000000-0000-043e-ffff-ffff00000024/click [39m[32m200[39m [90m114 ms - 14[39m
[38;5;0m[HTTP][0m [90m[39m
[38;5;0m[HTTP][0m [37m-->[39m [37mGET[39m [37m/wd/hub/session/d58c6ebc-b312-4d61-9e07-28cb6a22d3f3/source[39m
[38;5;0m[HTTP][0m [90m{}[39m
[38;5;48m[AndroidUiautomator2Driver@33eb (d58c6ebc)][0m Driver proxy active, passing request on via HTTP proxy
[38;5;48m[AndroidUiautomator2Driver@33eb (d58c6ebc)][0m Replacing sessionId 4d589a88-8931-4d90-9fa4-d7764e56fa04 with d58c6ebc-b312-4d61-9e07-28cb6a22d3f3
[38;5;0m[HTTP][0m [37m<-- GET /wd/hub/session/d58c6ebc-b312-4d61-9e07-28cb6a22d3f3/source [39m[32m200[39m [90m943 ms - 28390[39m
[38;5;0m[HTTP][0m [90m[39m
[38;5;0m[HTTP][0m [37m-->[39m [37mGET[39m [37m/wd/hub/session/d58c6ebc-b312-4d61-9e07-28cb6a22d3f3/screenshot[39m
[38;5;0m[HTTP][0m [90m{}[39m
[38;5;0m[HTTP][0m [37m<-- GET /wd/hub/session/d58c6ebc-b312-4d61-9e07-28cb6a22d3f3/screenshot [39m[32m200[39m [90m2456 ms - 3232180[39m
[38;5;0m[HTTP][0m [90m[39m
[38;5;0m[HTTP][0m [37m-->[39m [37mPOST[39m [37m/wd/hub/session/d58c6ebc-b312-4d61-9e07-28cb6a22d3f3/elements[39m
[38;5;0m[HTTP][0m [90m{"using":"xpath","value":"//*[@class = 'android.widget.TextView' and (@text = 'HOME' or . = 'HOME') and @resource-id = 'co.tapcart.app.id_gCATITBKZP:id/titleTextView']"}[39m
[38;5;0m[HTTP][0m [37m<-- POST /wd/hub/session/d58c6ebc-b312-4d61-9e07-28cb6a22d3f3/elements [39m[32m200[39m [90m606 ms - 139[39m
[38;5;0m[HTTP][0m [90m[39m
[38;5;0m[HTTP][0m [37m-->[39m [37mGET[39m [37m/wd/hub/session/d58c6ebc-b312-4d61-9e07-28cb6a22d3f3/window/rect[39m
[38;5;0m[HTTP][0m [90m{}[39m
[38;5;0m[HTTP][0m [37m<-- GET /wd/hub/session/d58c6ebc-b312-4d61-9e07-28cb6a22d3f3/window/rect [39m[32m200[39m [90m11 ms - 50[39m
[38;5;0m[HTTP][0m [90m[39m
[38;5;0m[HTTP][0m [37m-->[39m [37mPOST[39m [37m/wd/hub/session/d58c6ebc-b312-4d61-9e07-28cb6a22d3f3/elements[39m
[38;5;0m[HTTP][0m [90m{"using":"xpath","value":"//*[@class = 'android.widget.TextView' and (@text = 'HOME' or . = 'HOME') and @resource-id = 'co.tapcart.app.id_gCATITBKZP:id/titleTextView']"}[39m
[38;5;0m[HTTP][0m [37m<-- POST /wd/hub/session/d58c6ebc-b312-4d61-9e07-28cb6a22d3f3/elements [39m[32m200[39m [90m176 ms - 139[39m
[38;5;0m[HTTP][0m [90m[39m
[38;5;0m[HTTP][0m [37m-->[39m [37mGET[39m [37m/wd/hub/session/d58c6ebc-b312-4d61-9e07-28cb6a22d3f3/element/00000000-0000-043e-ffff-ffff0000002c/location[39m
[38;5;0m[HTTP][0m [90m{}[39m
[38;5;48m[AndroidUiautomator2Driver@33eb (d58c6ebc)][0m Driver proxy active, passing request on via HTTP proxy
[38;5;48m[AndroidUiautomator2Driver@33eb (d58c6ebc)][0m Replacing sessionId 4d589a88-8931-4d90-9fa4-d7764e56fa04 with d58c6ebc-b312-4d61-9e07-28cb6a22d3f3
[38;5;0m[HTTP][0m [37m<-- GET /wd/hub/session/d58c6ebc-b312-4d61-9e07-28cb6a22d3f3/element/00000000-0000-043e-ffff-ffff0000002c/location [39m[32m200[39m [90m32 ms - 78[39m
[38;5;0m[HTTP][0m [90m[39m
[38;5;0m[HTTP][0m [37m-->[39m [37mPOST[39m [37m/wd/hub/session/d58c6ebc-b312-4d61-9e07-28cb6a22d3f3/element/00000000-0000-043e-ffff-ffff0000002c/click[39m
[38;5;0m[HTTP][0m [90m{"id":"00000000-0000-043e-ffff-ffff0000002c"}[39m
[38;5;0m[HTTP][0m [37m<-- POST /wd/hub/session/d58c6ebc-b312-4d61-9e07-28cb6a22d3f3/element/00000000-0000-043e-ffff-ffff0000002c/click [39m[32m200[39m [90m49 ms - 14[39m
[38;5;0m[HTTP][0m [90m[39m
[38;5;0m[HTTP][0m [37m-->[39m [37mGET[39m [37m/wd/hub/session/d58c6ebc-b312-4d61-9e07-28cb6a22d3f3/source[39m
[38;5;0m[HTTP][0m [90m{}[39m
[38;5;48m[AndroidUiautomator2Driver@33eb (d58c6ebc)][0m Driver proxy active, passing request on via HTTP proxy
[38;5;48m[AndroidUiautomator2Driver@33eb (d58c6ebc)][0m Replacing sessionId 4d589a88-8931-4d90-9fa4-d7764e56fa04 with d58c6ebc-b312-4d61-9e07-28cb6a22d3f3
[38;5;0m[HTTP][0m [37m<-- GET /wd/hub/session/d58c6ebc-b312-4d61-9e07-28cb6a22d3f3/source [39m[32m200[39m [90m667 ms - 28708[39m
[38;5;0m[HTTP][0m [90m[39m
[38;5;0m[HTTP][0m [37m-->[39m [37mGET[39m [37m/wd/hub/session/d58c6ebc-b312-4d61-9e07-28cb6a22d3f3/screenshot[39m
[38;5;0m[HTTP][0m [90m{}[39m
[38;5;0m[HTTP][0m [37m<-- GET /wd/hub/session/d58c6ebc-b312-4d61-9e07-28cb6a22d3f3/screenshot [39m[32m200[39m [90m2021 ms - 2974408[39m
[38;5;0m[HTTP][0m [90m[39m
[38;5;0m[HTTP][0m [37m-->[39m [37mGET[39m [37m/wd/hub/session/d58c6ebc-b312-4d61-9e07-28cb6a22d3f3/context[39m
[38;5;0m[HTTP][0m [90m{}[39m
[38;5;0m[HTTP][0m [37m<-- GET /wd/hub/session/d58c6ebc-b312-4d61-9e07-28cb6a22d3f3/context [39m[32m200[39m [90m2 ms - 22[39m
[38;5;0m[HTTP][0m [90m[39m
[38;5;0m[HTTP][0m [37m-->[39m [37mGET[39m [37m/wd/hub/session/d58c6ebc-b312-4d61-9e07-28cb6a22d3f3/contexts[39m
[38;5;0m[HTTP][0m [90m{}[39m
[38;5;0m[HTTP][0m [37m<-- GET /wd/hub/session/d58c6ebc-b312-4d61-9e07-28cb6a22d3f3/contexts [39m[32m200[39m [90m317 ms - 24[39m
[38;5;0m[HTTP][0m [90m[39m
[38;5;0m[HTTP][0m [37m-->[39m [37mPOST[39m [37m/wd/hub/session/d58c6ebc-b312-4d61-9e07-28cb6a22d3f3/context[39m
[38;5;0m[HTTP][0m [90m{"name":"NATIVE_APP"}[39m
[38;5;0m[HTTP][0m [37m<-- POST /wd/hub/session/d58c6ebc-b312-4d61-9e07-28cb6a22d3f3/context [39m[32m200[39m [90m1 ms - 14[39m
[38;5;0m[HTTP][0m [90m[39m
[38;5;0m[HTTP][0m [37m-->[39m [37mPOST[39m [37m/wd/hub/session/d58c6ebc-b312-4d61-9e07-28cb6a22d3f3/orientation[39m
[38;5;0m[HTTP][0m [90m{"orientation":"PORTRAIT"}[39m
[38;5;48m[AndroidUiautomator2Driver@33eb (d58c6ebc)][0m Driver proxy active, passing request on via HTTP proxy
[38;5;48m[AndroidUiautomator2Driver@33eb (d58c6ebc)][0m Replacing sessionId 4d589a88-8931-4d90-9fa4-d7764e56fa04 with d58c6ebc-b312-4d61-9e07-28cb6a22d3f3
[38;5;0m[HTTP][0m [37m<-- POST /wd/hub/session/d58c6ebc-b312-4d61-9e07-28cb6a22d3f3/orientation [39m[32m200[39m [90m36 ms - 71[39m
[38;5;0m[HTTP][0m [90m[39m
[38;5;0m[HTTP][0m [37m-->[39m [37mPOST[39m [37m/wd/hub/session/d58c6ebc-b312-4d61-9e07-28cb6a22d3f3/context[39m
[38;5;0m[HTTP][0m [90m{"name":"NATIVE_APP"}[39m
[38;5;0m[HTTP][0m [37m<-- POST /wd/hub/session/d58c6ebc-b312-4d61-9e07-28cb6a22d3f3/context [39m[32m200[39m [90m2 ms - 14[39m
[38;5;0m[HTTP][0m [90m[39m
[38;5;0m[HTTP][0m [37m-->[39m [37mGET[39m [37m/wd/hub/session/d58c6ebc-b312-4d61-9e07-28cb6a22d3f3/source[39m
[38;5;0m[HTTP][0m [90m{}[39m
[38;5;48m[AndroidUiautomator2Driver@33eb (d58c6ebc)][0m Driver proxy active, passing request on via HTTP proxy
[38;5;48m[AndroidUiautomator2Driver@33eb (d58c6ebc)][0m Replacing sessionId 4d589a88-8931-4d90-9fa4-d7764e56fa04 with d58c6ebc-b312-4d61-9e07-28cb6a22d3f3
[38;5;0m[HTTP][0m [37m<-- GET /wd/hub/session/d58c6ebc-b312-4d61-9e07-28cb6a22d3f3/source [39m[32m200[39m [90m822 ms - 52496[39m
[38;5;0m[HTTP][0m [90m[39m
[38;5;0m[HTTP][0m [37m-->[39m [37mGET[39m [37m/wd/hub/session/d58c6ebc-b312-4d61-9e07-28cb6a22d3f3/screenshot[39m
[38;5;0m[HTTP][0m [90m{}[39m
[38;5;0m[HTTP][0m [37m<-- GET /wd/hub/session/d58c6ebc-b312-4d61-9e07-28cb6a22d3f3/screenshot [39m[32m200[39m [90m1981 ms - 3561340[39m
[38;5;0m[HTTP][0m [90m[39m
[38;5;0m[HTTP][0m [37m-->[39m [37mGET[39m [37m/wd/hub/session/d58c6ebc-b312-4d61-9e07-28cb6a22d3f3/window/rect[39m
[38;5;0m[HTTP][0m [90m{}[39m
[38;5;0m[HTTP][0m [37m<-- GET /wd/hub/session/d58c6ebc-b312-4d61-9e07-28cb6a22d3f3/window/rect [39m[32m200[39m [90m21 ms - 50[39m
[38;5;0m[HTTP][0m [90m[39m
[38;5;0m[HTTP][0m [37m-->[39m [37mPOST[39m [37m/wd/hub/session/d58c6ebc-b312-4d61-9e07-28cb6a22d3f3/elements[39m
[38;5;0m[HTTP][0m [90m{"using":"xpath","value":"//hierarchy/android.widget.FrameLayout[1]/android.widget.LinearLayout[1]/android.widget.FrameLayout[1]/android.widget.LinearLayout[1]/android.widget.FrameLayout[1]/android.widget.FrameLayout[1]/android.view.ViewGroup[1]/android.widget.FrameLayout[1]/android.widget.FrameLayout[1]/android.widget.LinearLayout[1]/androidx.viewpager.widget.ViewPager[1]/androidx.recyclerview.widget.RecyclerView[1]/android.widget.FrameLayout[1]/android.view.ViewGroup[1]/androidx.recyclerview.widget.RecyclerView[1]/android.widget.LinearLayout[2]/android.widget.FrameLayout[1]/androidx.recyclerview.widget.RecyclerView[1]/android.view.ViewGroup[1]"}[39m
[38;5;0m[HTTP][0m [37m<-- POST /wd/hub/session/d58c6ebc-b312-4d61-9e07-28cb6a22d3f3/elements [39m[32m200[39m [90m747 ms - 139[39m
[38;5;0m[HTTP][0m [90m[39m
[38;5;0m[HTTP][0m [37m-->[39m [37mGET[39m [37m/wd/hub/session/d58c6ebc-b312-4d61-9e07-28cb6a22d3f3/element/00000000-0000-043e-ffff-ffff00000384/location[39m
[38;5;0m[HTTP][0m [90m{}[39m
[38;5;48m[AndroidUiautomator2Driver@33eb (d58c6ebc)][0m Driver proxy active, passing request on via HTTP proxy
[38;5;48m[AndroidUiautomator2Driver@33eb (d58c6ebc)][0m Replacing sessionId 4d589a88-8931-4d90-9fa4-d7764e56fa04 with d58c6ebc-b312-4d61-9e07-28cb6a22d3f3
[38;5;0m[HTTP][0m [37m<-- GET /wd/hub/session/d58c6ebc-b312-4d61-9e07-28cb6a22d3f3/element/00000000-0000-043e-ffff-ffff00000384/location [39m[32m200[39m [90m46 ms - 78[39m
[38;5;0m[HTTP][0m [90m[39m
[38;5;0m[HTTP][0m [37m-->[39m [37mPOST[39m [37m/wd/hub/session/d58c6ebc-b312-4d61-9e07-28cb6a22d3f3/element/00000000-0000-043e-ffff-ffff00000384/click[39m
[38;5;0m[HTTP][0m [90m{"id":"00000000-0000-043e-ffff-ffff00000384"}[39m
[38;5;0m[HTTP][0m [37m<-- POST /wd/hub/session/d58c6ebc-b312-4d61-9e07-28cb6a22d3f3/element/00000000-0000-043e-ffff-ffff00000384/click [39m[32m200[39m [90m98 ms - 14[39m
[38;5;0m[HTTP][0m [90m[39m
[38;5;0m[HTTP][0m [37m-->[39m [37mGET[39m [37m/wd/hub/session/d58c6ebc-b312-4d61-9e07-28cb6a22d3f3/source[39m
[38;5;0m[HTTP][0m [90m{}[39m
[38;5;48m[AndroidUiautomator2Driver@33eb (d58c6ebc)][0m Driver proxy active, passing request on via HTTP proxy
[38;5;48m[AndroidUiautomator2Driver@33eb (d58c6ebc)][0m Replacing sessionId 4d589a88-8931-4d90-9fa4-d7764e56fa04 with d58c6ebc-b312-4d61-9e07-28cb6a22d3f3
[38;5;0m[HTTP][0m [37m<-- GET /wd/hub/session/d58c6ebc-b312-4d61-9e07-28cb6a22d3f3/source [39m[32m200[39m [90m903 ms - 23644[39m
[38;5;0m[HTTP][0m [90m[39m
[38;5;0m[HTTP][0m [37m-->[39m [37mGET[39m [37m/wd/hub/session/d58c6ebc-b312-4d61-9e07-28cb6a22d3f3/screenshot[39m
[38;5;0m[HTTP][0m [90m{}[39m
[38;5;0m[HTTP][0m [37m<-- GET /wd/hub/session/d58c6ebc-b312-4d61-9e07-28cb6a22d3f3/screenshot [39m[32m200[39m [90m813 ms - 1006060[39m
[38;5;0m[HTTP][0m [90m[39m
[38;5;0m[HTTP][0m [37m-->[39m [37mPOST[39m [37m/wd/hub/session/d58c6ebc-b312-4d61-9e07-28cb6a22d3f3/elements[39m
[38;5;0m[HTTP][0m [90m{"using":"xpath","value":"//*[@class = 'android.widget.Spinner' and @resource-id = 'co.tapcart.app.id_gCATITBKZP.productdetails:id/spinner' and (@text = '' or . = '')]"}[39m
[38;5;0m[HTTP][0m [37m<-- POST /wd/hub/session/d58c6ebc-b312-4d61-9e07-28cb6a22d3f3/elements [39m[32m200[39m [90m469 ms - 139[39m
[38;5;0m[HTTP][0m [90m[39m
[38;5;0m[HTTP][0m [37m-->[39m [37mGET[39m [37m/wd/hub/session/d58c6ebc-b312-4d61-9e07-28cb6a22d3f3/window/rect[39m
[38;5;0m[HTTP][0m [90m{}[39m
[38;5;0m[HTTP][0m [37m<-- GET /wd/hub/session/d58c6ebc-b312-4d61-9e07-28cb6a22d3f3/window/rect [39m[32m200[39m [90m12 ms - 50[39m
[38;5;0m[HTTP][0m [90m[39m
[38;5;0m[HTTP][0m [37m-->[39m [37mPOST[39m [37m/wd/hub/session/d58c6ebc-b312-4d61-9e07-28cb6a22d3f3/elements[39m
[38;5;0m[HTTP][0m [90m{"using":"xpath","value":"//*[@class = 'android.widget.Spinner' and @resource-id = 'co.tapcart.app.id_gCATITBKZP.productdetails:id/spinner' and (@text = '' or . = '')]"}[39m
[38;5;0m[HTTP][0m [37m<-- POST /wd/hub/session/d58c6ebc-b312-4d61-9e07-28cb6a22d3f3/elements [39m[32m200[39m [90m445 ms - 139[39m
[38;5;0m[HTTP][0m [90m[39m
[38;5;0m[HTTP][0m [37m-->[39m [37mGET[39m [37m/wd/hub/session/d58c6ebc-b312-4d61-9e07-28cb6a22d3f3/element/00000000-0000-0454-ffff-ffff0000041a/location[39m
[38;5;0m[HTTP][0m [90m{}[39m
[38;5;48m[AndroidUiautomator2Driver@33eb (d58c6ebc)][0m Driver proxy active, passing request on via HTTP proxy
[38;5;48m[AndroidUiautomator2Driver@33eb (d58c6ebc)][0m Replacing sessionId 4d589a88-8931-4d90-9fa4-d7764e56fa04 with d58c6ebc-b312-4d61-9e07-28cb6a22d3f3
[38;5;0m[HTTP][0m [37m<-- GET /wd/hub/session/d58c6ebc-b312-4d61-9e07-28cb6a22d3f3/element/00000000-0000-0454-ffff-ffff0000041a/location [39m[32m200[39m [90m33 ms - 78[39m
[38;5;0m[HTTP][0m [90m[39m
[38;5;0m[HTTP][0m [37m-->[39m [37mPOST[39m [37m/wd/hub/session/d58c6ebc-b312-4d61-9e07-28cb6a22d3f3/element/00000000-0000-0454-ffff-ffff0000041a/click[39m
[38;5;0m[HTTP][0m [90m{"id":"00000000-0000-0454-ffff-ffff0000041a"}[39m
[38;5;0m[HTTP][0m [37m<-- POST /wd/hub/session/d58c6ebc-b312-4d61-9e07-28cb6a22d3f3/element/00000000-0000-0454-ffff-ffff0000041a/click [39m[32m200[39m [90m106 ms - 14[39m
[38;5;0m[HTTP][0m [90m[39m
[38;5;0m[HTTP][0m [37m-->[39m [37mGET[39m [37m/wd/hub/session/d58c6ebc-b312-4d61-9e07-28cb6a22d3f3/source[39m
[38;5;0m[HTTP][0m [90m{}[39m
[38;5;48m[AndroidUiautomator2Driver@33eb (d58c6ebc)][0m Driver proxy active, passing request on via HTTP proxy
[38;5;48m[AndroidUiautomator2Driver@33eb (d58c6ebc)][0m Replacing sessionId 4d589a88-8931-4d90-9fa4-d7764e56fa04 with d58c6ebc-b312-4d61-9e07-28cb6a22d3f3
[38;5;0m[HTTP][0m [37m<-- GET /wd/hub/session/d58c6ebc-b312-4d61-9e07-28cb6a22d3f3/source [39m[32m200[39m [90m686 ms - 7891[39m
[38;5;0m[HTTP][0m [90m[39m
[38;5;0m[HTTP][0m [37m-->[39m [37mGET[39m [37m/wd/hub/session/d58c6ebc-b312-4d61-9e07-28cb6a22d3f3/screenshot[39m
[38;5;0m[HTTP][0m [90m{}[39m
[38;5;0m[HTTP][0m [37m<-- GET /wd/hub/session/d58c6ebc-b312-4d61-9e07-28cb6a22d3f3/screenshot [39m[32m200[39m [90m653 ms - 213304[39m
[38;5;0m[HTTP][0m [90m[39m
[38;5;0m[HTTP][0m [37m-->[39m [37mPOST[39m [37m/wd/hub/session/d58c6ebc-b312-4d61-9e07-28cb6a22d3f3/elements[39m
[38;5;0m[HTTP][0m [90m{"using":"xpath","value":"//*[@class = 'android.widget.TextView' and (@text = '44' or . = '44') and @resource-id = 'co.tapcart.app.id_gCATITBKZP.productdetails:id/optionTextView']"}[39m
[38;5;0m[HTTP][0m [37m<-- POST /wd/hub/session/d58c6ebc-b312-4d61-9e07-28cb6a22d3f3/elements [39m[32m200[39m [90m318 ms - 139[39m
[38;5;0m[HTTP][0m [90m[39m
[38;5;0m[HTTP][0m [37m-->[39m [37mGET[39m [37m/wd/hub/session/d58c6ebc-b312-4d61-9e07-28cb6a22d3f3/window/rect[39m
[38;5;0m[HTTP][0m [90m{}[39m
[38;5;0m[HTTP][0m [37m<-- GET /wd/hub/session/d58c6ebc-b312-4d61-9e07-28cb6a22d3f3/window/rect [39m[32m200[39m [90m17 ms - 50[39m
[38;5;0m[HTTP][0m [90m[39m
[38;5;0m[HTTP][0m [37m-->[39m [37mPOST[39m [37m/wd/hub/session/d58c6ebc-b312-4d61-9e07-28cb6a22d3f3/elements[39m
[38;5;0m[HTTP][0m [90m{"using":"xpath","value":"//*[@class = 'android.widget.TextView' and (@text = '44' or . = '44') and @resource-id = 'co.tapcart.app.id_gCATITBKZP.productdetails:id/optionTextView']"}[39m
[38;5;0m[HTTP][0m [37m<-- POST /wd/hub/session/d58c6ebc-b312-4d61-9e07-28cb6a22d3f3/elements [39m[32m200[39m [90m240 ms - 139[39m
[38;5;0m[HTTP][0m [90m[39m
[38;5;0m[HTTP][0m [37m-->[39m [37mGET[39m [37m/wd/hub/session/d58c6ebc-b312-4d61-9e07-28cb6a22d3f3/element/00000000-0000-0455-ffff-ffff0000042a/location[39m
[38;5;0m[HTTP][0m [90m{}[39m
[38;5;48m[AndroidUiautomator2Driver@33eb (d58c6ebc)][0m Driver proxy active, passing request on via HTTP proxy
[38;5;48m[AndroidUiautomator2Driver@33eb (d58c6ebc)][0m Replacing sessionId 4d589a88-8931-4d90-9fa4-d7764e56fa04 with d58c6ebc-b312-4d61-9e07-28cb6a22d3f3
[38;5;0m[HTTP][0m [37m<-- GET /wd/hub/session/d58c6ebc-b312-4d61-9e07-28cb6a22d3f3/element/00000000-0000-0455-ffff-ffff0000042a/location [39m[32m200[39m [90m35 ms - 78[39m
[38;5;0m[HTTP][0m [90m[39m
[38;5;0m[HTTP][0m [37m-->[39m [37mPOST[39m [37m/wd/hub/session/d58c6ebc-b312-4d61-9e07-28cb6a22d3f3/element/00000000-0000-0455-ffff-ffff0000042a/click[39m
[38;5;0m[HTTP][0m [90m{"id":"00000000-0000-0455-ffff-ffff0000042a"}[39m
[38;5;0m[HTTP][0m [37m<-- POST /wd/hub/session/d58c6ebc-b312-4d61-9e07-28cb6a22d3f3/element/00000000-0000-0455-ffff-ffff0000042a/click [39m[32m200[39m [90m839 ms - 14[39m
[38;5;0m[HTTP][0m [90m[39m
[38;5;0m[HTTP][0m [37m-->[39m [37mGET[39m [37m/wd/hub/session/d58c6ebc-b312-4d61-9e07-28cb6a22d3f3/source[39m
[38;5;0m[HTTP][0m [90m{}[39m
[38;5;48m[AndroidUiautomator2Driver@33eb (d58c6ebc)][0m Driver proxy active, passing request on via HTTP proxy
[38;5;48m[AndroidUiautomator2Driver@33eb (d58c6ebc)][0m Replacing sessionId 4d589a88-8931-4d90-9fa4-d7764e56fa04 with d58c6ebc-b312-4d61-9e07-28cb6a22d3f3
[38;5;0m[HTTP][0m [37m<-- GET /wd/hub/session/d58c6ebc-b312-4d61-9e07-28cb6a22d3f3/source [39m[32m200[39m [90m257 ms - 23644[39m
[38;5;0m[HTTP][0m [90m[39m
[38;5;0m[HTTP][0m [37m-->[39m [37mGET[39m [37m/wd/hub/session/d58c6ebc-b312-4d61-9e07-28cb6a22d3f3/screenshot[39m
[38;5;0m[HTTP][0m [90m{}[39m
[38;5;0m[HTTP][0m [37m<-- GET /wd/hub/session/d58c6ebc-b312-4d61-9e07-28cb6a22d3f3/screenshot [39m[32m200[39m [90m829 ms - 1005744[39m
[38;5;0m[HTTP][0m [90m[39m
[38;5;0m[HTTP][0m [37m-->[39m [37mPOST[39m [37m/wd/hub/session/d58c6ebc-b312-4d61-9e07-28cb6a22d3f3/elements[39m
[38;5;0m[HTTP][0m [90m{"using":"xpath","value":"//*[@class = 'android.widget.Button' and (@text = 'Add to Bag' or . = 'Add to Bag') and @resource-id = 'co.tapcart.app.id_gCATITBKZP.productdetails:id/addToCartButton']"}[39m
[38;5;0m[HTTP][0m [37m<-- POST /wd/hub/session/d58c6ebc-b312-4d61-9e07-28cb6a22d3f3/elements [39m[32m200[39m [90m510 ms - 139[39m
[38;5;0m[HTTP][0m [90m[39m
[38;5;0m[HTTP][0m [37m-->[39m [37mGET[39m [37m/wd/hub/session/d58c6ebc-b312-4d61-9e07-28cb6a22d3f3/window/rect[39m
[38;5;0m[HTTP][0m [90m{}[39m
[38;5;0m[HTTP][0m [37m<-- GET /wd/hub/session/d58c6ebc-b312-4d61-9e07-28cb6a22d3f3/window/rect [39m[32m200[39m [90m13 ms - 50[39m
[38;5;0m[HTTP][0m [90m[39m
[38;5;0m[HTTP][0m [37m-->[39m [37mPOST[39m [37m/wd/hub/session/d58c6ebc-b312-4d61-9e07-28cb6a22d3f3/elements[39m
[38;5;0m[HTTP][0m [90m{"using":"xpath","value":"//*[@class = 'android.widget.Button' and (@text = 'Add to Bag' or . = 'Add to Bag') and @resource-id = 'co.tapcart.app.id_gCATITBKZP.productdetails:id/addToCartButton']"}[39m
[38;5;0m[HTTP][0m [37m<-- POST /wd/hub/session/d58c6ebc-b312-4d61-9e07-28cb6a22d3f3/elements [39m[32m200[39m [90m488 ms - 139[39m
[38;5;0m[HTTP][0m [90m[39m
[38;5;0m[HTTP][0m [37m-->[39m [37mGET[39m [37m/wd/hub/session/d58c6ebc-b312-4d61-9e07-28cb6a22d3f3/element/00000000-0000-0454-ffff-ffff00000400/location[39m
[38;5;0m[HTTP][0m [90m{}[39m
[38;5;48m[AndroidUiautomator2Driver@33eb (d58c6ebc)][0m Driver proxy active, passing request on via HTTP proxy
[38;5;48m[AndroidUiautomator2Driver@33eb (d58c6ebc)][0m Replacing sessionId 4d589a88-8931-4d90-9fa4-d7764e56fa04 with d58c6ebc-b312-4d61-9e07-28cb6a22d3f3
[38;5;0m[HTTP][0m [37m<-- GET /wd/hub/session/d58c6ebc-b312-4d61-9e07-28cb6a22d3f3/element/00000000-0000-0454-ffff-ffff00000400/location [39m[32m200[39m [90m43 ms - 78[39m
[38;5;0m[HTTP][0m [90m[39m
[38;5;0m[HTTP][0m [37m-->[39m [37mPOST[39m [37m/wd/hub/session/d58c6ebc-b312-4d61-9e07-28cb6a22d3f3/element/00000000-0000-0454-ffff-ffff00000400/click[39m
[38;5;0m[HTTP][0m [90m{"id":"00000000-0000-0454-ffff-ffff00000400"}[39m
[38;5;0m[HTTP][0m [37m<-- POST /wd/hub/session/d58c6ebc-b312-4d61-9e07-28cb6a22d3f3/element/00000000-0000-0454-ffff-ffff00000400/click [39m[32m200[39m [90m122 ms - 14[39m
[38;5;0m[HTTP][0m [90m[39m
[38;5;0m[HTTP][0m [37m-->[39m [37mGET[39m [37m/wd/hub/session/d58c6ebc-b312-4d61-9e07-28cb6a22d3f3/source[39m
[38;5;0m[HTTP][0m [90m{}[39m
[38;5;48m[AndroidUiautomator2Driver@33eb (d58c6ebc)][0m Driver proxy active, passing request on via HTTP proxy
[38;5;48m[AndroidUiautomator2Driver@33eb (d58c6ebc)][0m Replacing sessionId 4d589a88-8931-4d90-9fa4-d7764e56fa04 with d58c6ebc-b312-4d61-9e07-28cb6a22d3f3
[38;5;0m[HTTP][0m [37m<-- GET /wd/hub/session/d58c6ebc-b312-4d61-9e07-28cb6a22d3f3/source [39m[32m200[39m [90m1299 ms - 19512[39m
[38;5;0m[HTTP][0m [90m[39m
[38;5;0m[HTTP][0m [37m-->[39m [37mGET[39m [37m/wd/hub/session/d58c6ebc-b312-4d61-9e07-28cb6a22d3f3/screenshot[39m
[38;5;0m[HTTP][0m [90m{}[39m
[38;5;0m[HTTP][0m [37m<-- GET /wd/hub/session/d58c6ebc-b312-4d61-9e07-28cb6a22d3f3/screenshot [39m[32m200[39m [90m406 ms - 169208[39m
[38;5;0m[HTTP][0m [90m[39m
[38;5;0m[HTTP][0m [37m-->[39m [37mDELETE[39m [37m/wd/hub/session/d58c6ebc-b312-4d61-9e07-28cb6a22d3f3[39m
[38;5;0m[HTTP][0m [90m{}[39m
[38;5;16m[AppiumDriver@032e][0m Removing session d58c6ebc-b312-4d61-9e07-28cb6a22d3f3 from our master session list
[38;5;48m[AndroidUiautomator2Driver@33eb (d58c6ebc)][0m Restoring hidden api policy to the device default configuration
[38;5;0m[HTTP][0m [37m<-- DELETE /wd/hub/session/d58c6ebc-b312-4d61-9e07-28cb6a22d3f3 [39m[32m200[39m [90m749 ms - 14[39m
[38;5;0m[HTTP][0m [90m[39m
